

Microchip MPLAB XC8 Assembler V2.31 build 20201012212115 
                                                                                               Mon Mar 29 11:42:39 2021

Microchip MPLAB XC8 C Compiler v2.31 (Free license) build 20201012212115 Og1 
     1                           	processor	18F27Q43
     2                           	fnconf	rparam,??,?,0
     3                           	pagewidth 120
     4                           	opt	flic
     5                           	psect	idataBANK6,global,class=CODE,delta=1,noexec
     6                           	psect	cinit,global,reloc=2,class=CODE,delta=1
     7                           	psect	bssCOMRAM,global,class=COMRAM,space=1,delta=1,lowdata,noexec
     8                           	psect	dataBANK6,global,class=BANK6,space=1,delta=1,lowdata,noexec
     9                           	psect	cstackCOMRAM,global,class=COMRAM,space=1,delta=1,lowdata,noexec
    10                           	psect	text0,global,reloc=2,class=CODE,delta=1
    11                           	psect	text1,global,reloc=2,class=CODE,delta=1
    12                           	psect	text2,global,reloc=2,class=CODE,delta=1
    13                           	psect	text3,global,reloc=2,class=CODE,delta=1
    14                           	psect	text4,global,reloc=2,class=CODE,delta=1
    15                           	psect	text5,global,reloc=2,class=CODE,delta=1
    16                           	psect	text6,global,reloc=2,class=CODE,delta=1
    17                           	psect	text7,global,reloc=2,class=CODE,delta=1
    18                           	psect	intsave_regs,global,class=BIGRAM,space=1,delta=1,noexec
    19                           	psect	rparam,global,class=COMRAM,space=1,delta=1,noexec
    20                           	psect	idloc,global,abs,ovrld,class=IDLOC,space=5,delta=1,noexec
    21                           	psect	config,global,abs,ovrld,class=CONFIG,space=4,delta=1,noexec
    22  0000                     
    23                           ; Version 2.30
    24                           ; Generated 20/08/2020 GMT
    25                           ; 
    26                           ; Copyright © 2020, Microchip Technology Inc. and its subsidiaries ("Microchip")
    27                           ; All rights reserved.
    28                           ; 
    29                           ; This software is developed by Microchip Technology Inc. and its subsidiaries ("Microch
      +                          ip").
    30                           ; 
    31                           ; Redistribution and use in source and binary forms, with or without modification, are
    32                           ; permitted provided that the following conditions are met:
    33                           ; 
    34                           ;     1. Redistributions of source code must retain the above copyright notice, this lis
      +                          t of
    35                           ;        conditions and the following disclaimer.
    36                           ; 
    37                           ;     2. Redistributions in binary form must reproduce the above copyright notice, this 
      +                          list
    38                           ;        of conditions and the following disclaimer in the documentation and/or other
    39                           ;        materials provided with the distribution. Publication is not required when
    40                           ;        this file is used in an embedded application.
    41                           ; 
    42                           ;     3. Microchip's name may not be used to endorse or promote products derived from th
      +                          is
    43                           ;        software without specific prior written permission.
    44                           ; 
    45                           ; THIS SOFTWARE IS PROVIDED BY MICROCHIP "AS IS" AND ANY EXPRESS OR IMPLIED WARRANTIES,
    46                           ; INCLUDING, BUT NOT LIMITED TO, THE IMPLIED WARRANTIES OF MERCHANTABILITY AND FITNESS F
      +                          OR
    47                           ; PURPOSE ARE DISCLAIMED.  IN NO EVENT SHALL MICROCHIP BE LIABLE FOR ANY DIRECT, INDIREC
      +                          T,
    48                           ; INCIDENTAL, SPECIAL, EXEMPLARY, OR CONSEQUENTIAL DAMAGES (INCLUDING BUT NOT LIMITED TO
    49                           ; PROCUREMENT OF SUBSTITUTE GOODS OR SERVICES; LOSS OF USE, DATA OR PROFITS; OR BUSINESS
    50                           ; INTERRUPTION) HOWSOEVER CAUSED AND ON ANY THEORY OF LIABILITY, WHETHER IN CONTRACT, ST
      +                          RICT
    51                           ; LIABILITY, OR TORT (INCLUDING NEGLIGENCE OR OTHERWISE) ARISING IN ANY WAY OUT OF THE U
      +                          SE OF
    52                           ; THIS SOFTWARE, EVEN IF ADVISED OF THE POSSIBILITY OF SUCH DAMAGE.
    53                           ; 
    54                           ; 
    55                           ; Code-generator required, PIC18F27Q43 Definitions
    56                           ; 
    57                           ; SFR Addresses
    58  0000                     
    59                           	psect	idataBANK6
    60  01FEFC                     __pidataBANK6:
    61                           	callstack 0
    62                           
    63                           ;initializer for _UserApp_au8sinTable
    64  01FEFC  80                 	db	128
    65  01FEFD  83                 	db	131
    66  01FEFE  86                 	db	134
    67  01FEFF  89                 	db	137
    68  01FF00  8C                 	db	140
    69  01FF01  8F                 	db	143
    70  01FF02  92                 	db	146
    71  01FF03  95                 	db	149
    72  01FF04  98                 	db	152
    73  01FF05  9B                 	db	155
    74  01FF06  9E                 	db	158
    75  01FF07  A2                 	db	162
    76  01FF08  A5                 	db	165
    77  01FF09  A7                 	db	167
    78  01FF0A  AA                 	db	170
    79  01FF0B  AD                 	db	173
    80  01FF0C  B0                 	db	176
    81  01FF0D  B3                 	db	179
    82  01FF0E  B6                 	db	182
    83  01FF0F  B9                 	db	185
    84  01FF10  BC                 	db	188
    85  01FF11  BE                 	db	190
    86  01FF12  C1                 	db	193
    87  01FF13  C4                 	db	196
    88  01FF14  C6                 	db	198
    89  01FF15  C9                 	db	201
    90  01FF16  CB                 	db	203
    91  01FF17  CE                 	db	206
    92  01FF18  D0                 	db	208
    93  01FF19  D3                 	db	211
    94  01FF1A  D5                 	db	213
    95  01FF1B  D7                 	db	215
    96  01FF1C  DA                 	db	218
    97  01FF1D  DC                 	db	220
    98  01FF1E  DE                 	db	222
    99  01FF1F  E0                 	db	224
   100  01FF20  E2                 	db	226
   101  01FF21  E4                 	db	228
   102  01FF22  E6                 	db	230
   103  01FF23  E8                 	db	232
   104  01FF24  EA                 	db	234
   105  01FF25  EB                 	db	235
   106  01FF26  ED                 	db	237
   107  01FF27  EE                 	db	238
   108  01FF28  F0                 	db	240
   109  01FF29  F1                 	db	241
   110  01FF2A  F3                 	db	243
   111  01FF2B  F4                 	db	244
   112  01FF2C  F5                 	db	245
   113  01FF2D  F6                 	db	246
   114  01FF2E  F8                 	db	248
   115  01FF2F  F9                 	db	249
   116  01FF30  FA                 	db	250
   117  01FF31  FA                 	db	250
   118  01FF32  FB                 	db	251
   119  01FF33  FC                 	db	252
   120  01FF34  FD                 	db	253
   121  01FF35  FD                 	db	253
   122  01FF36  FE                 	db	254
   123  01FF37  FE                 	db	254
   124  01FF38  FE                 	db	254
   125  01FF39  FF                 	db	255
   126  01FF3A  FF                 	db	255
   127  01FF3B  FF                 	db	255
   128  01FF3C  FF                 	db	255
   129  01FF3D  FF                 	db	255
   130  01FF3E  FF                 	db	255
   131  01FF3F  FF                 	db	255
   132  01FF40  FE                 	db	254
   133  01FF41  FE                 	db	254
   134  01FF42  FE                 	db	254
   135  01FF43  FD                 	db	253
   136  01FF44  FD                 	db	253
   137  01FF45  FC                 	db	252
   138  01FF46  FB                 	db	251
   139  01FF47  FA                 	db	250
   140  01FF48  FA                 	db	250
   141  01FF49  F9                 	db	249
   142  01FF4A  F8                 	db	248
   143  01FF4B  F6                 	db	246
   144  01FF4C  F5                 	db	245
   145  01FF4D  F4                 	db	244
   146  01FF4E  F3                 	db	243
   147  01FF4F  F1                 	db	241
   148  01FF50  F0                 	db	240
   149  01FF51  EE                 	db	238
   150  01FF52  ED                 	db	237
   151  01FF53  EB                 	db	235
   152  01FF54  EA                 	db	234
   153  01FF55  E8                 	db	232
   154  01FF56  E6                 	db	230
   155  01FF57  E4                 	db	228
   156  01FF58  E2                 	db	226
   157  01FF59  E0                 	db	224
   158  01FF5A  DE                 	db	222
   159  01FF5B  DC                 	db	220
   160  01FF5C  DA                 	db	218
   161  01FF5D  D7                 	db	215
   162  01FF5E  D5                 	db	213
   163  01FF5F  D3                 	db	211
   164  01FF60  D0                 	db	208
   165  01FF61  CE                 	db	206
   166  01FF62  CB                 	db	203
   167  01FF63  C9                 	db	201
   168  01FF64  C6                 	db	198
   169  01FF65  C4                 	db	196
   170  01FF66  C1                 	db	193
   171  01FF67  BE                 	db	190
   172  01FF68  BC                 	db	188
   173  01FF69  B9                 	db	185
   174  01FF6A  B6                 	db	182
   175  01FF6B  B3                 	db	179
   176  01FF6C  B0                 	db	176
   177  01FF6D  AD                 	db	173
   178  01FF6E  AA                 	db	170
   179  01FF6F  A7                 	db	167
   180  01FF70  A5                 	db	165
   181  01FF71  A2                 	db	162
   182  01FF72  9E                 	db	158
   183  01FF73  9B                 	db	155
   184  01FF74  98                 	db	152
   185  01FF75  95                 	db	149
   186  01FF76  92                 	db	146
   187  01FF77  8F                 	db	143
   188  01FF78  8C                 	db	140
   189  01FF79  89                 	db	137
   190  01FF7A  86                 	db	134
   191  01FF7B  83                 	db	131
   192  01FF7C  80                 	db	128
   193  01FF7D  7C                 	db	124
   194  01FF7E  79                 	db	121
   195  01FF7F  76                 	db	118
   196  01FF80  73                 	db	115
   197  01FF81  70                 	db	112
   198  01FF82  6D                 	db	109
   199  01FF83  6A                 	db	106
   200  01FF84  67                 	db	103
   201  01FF85  64                 	db	100
   202  01FF86  61                 	db	97
   203  01FF87  5D                 	db	93
   204  01FF88  5A                 	db	90
   205  01FF89  58                 	db	88
   206  01FF8A  55                 	db	85
   207  01FF8B  52                 	db	82
   208  01FF8C  4F                 	db	79
   209  01FF8D  4C                 	db	76
   210  01FF8E  49                 	db	73
   211  01FF8F  46                 	db	70
   212  01FF90  43                 	db	67
   213  01FF91  41                 	db	65
   214  01FF92  3E                 	db	62
   215  01FF93  3B                 	db	59
   216  01FF94  39                 	db	57
   217  01FF95  36                 	db	54
   218  01FF96  34                 	db	52
   219  01FF97  31                 	db	49
   220  01FF98  2F                 	db	47
   221  01FF99  2C                 	db	44
   222  01FF9A  2A                 	db	42
   223  01FF9B  28                 	db	40
   224  01FF9C  25                 	db	37
   225  01FF9D  23                 	db	35
   226  01FF9E  21                 	db	33
   227  01FF9F  1F                 	db	31
   228  01FFA0  1D                 	db	29
   229  01FFA1  1B                 	db	27
   230  01FFA2  19                 	db	25
   231  01FFA3  17                 	db	23
   232  01FFA4  15                 	db	21
   233  01FFA5  14                 	db	20
   234  01FFA6  12                 	db	18
   235  01FFA7  11                 	db	17
   236  01FFA8  0F                 	db	15
   237  01FFA9  0E                 	db	14
   238  01FFAA  0C                 	db	12
   239  01FFAB  0B                 	db	11
   240  01FFAC  0A                 	db	10
   241  01FFAD  09                 	db	9
   242  01FFAE  07                 	db	7
   243  01FFAF  06                 	db	6
   244  01FFB0  05                 	db	5
   245  01FFB1  05                 	db	5
   246  01FFB2  04                 	db	4
   247  01FFB3  03                 	db	3
   248  01FFB4  02                 	db	2
   249  01FFB5  02                 	db	2
   250  01FFB6  01                 	db	1
   251  01FFB7  01                 	db	1
   252  01FFB8  01                 	db	1
   253  01FFB9  00                 	db	0
   254  01FFBA  00                 	db	0
   255  01FFBB  00                 	db	0
   256  01FFBC  00                 	db	0
   257  01FFBD  00                 	db	0
   258  01FFBE  00                 	db	0
   259  01FFBF  00                 	db	0
   260  01FFC0  01                 	db	1
   261  01FFC1  01                 	db	1
   262  01FFC2  01                 	db	1
   263  01FFC3  02                 	db	2
   264  01FFC4  02                 	db	2
   265  01FFC5  03                 	db	3
   266  01FFC6  04                 	db	4
   267  01FFC7  05                 	db	5
   268  01FFC8  05                 	db	5
   269  01FFC9  06                 	db	6
   270  01FFCA  07                 	db	7
   271  01FFCB  09                 	db	9
   272  01FFCC  0A                 	db	10
   273  01FFCD  0B                 	db	11
   274  01FFCE  0C                 	db	12
   275  01FFCF  0E                 	db	14
   276  01FFD0  0F                 	db	15
   277  01FFD1  11                 	db	17
   278  01FFD2  12                 	db	18
   279  01FFD3  14                 	db	20
   280  01FFD4  15                 	db	21
   281  01FFD5  17                 	db	23
   282  01FFD6  19                 	db	25
   283  01FFD7  1B                 	db	27
   284  01FFD8  1D                 	db	29
   285  01FFD9  1F                 	db	31
   286  01FFDA  21                 	db	33
   287  01FFDB  23                 	db	35
   288  01FFDC  25                 	db	37
   289  01FFDD  28                 	db	40
   290  01FFDE  2A                 	db	42
   291  01FFDF  2C                 	db	44
   292  01FFE0  2F                 	db	47
   293  01FFE1  31                 	db	49
   294  01FFE2  34                 	db	52
   295  01FFE3  36                 	db	54
   296  01FFE4  39                 	db	57
   297  01FFE5  3B                 	db	59
   298  01FFE6  3E                 	db	62
   299  01FFE7  41                 	db	65
   300  01FFE8  43                 	db	67
   301  01FFE9  46                 	db	70
   302  01FFEA  49                 	db	73
   303  01FFEB  4C                 	db	76
   304  01FFEC  4F                 	db	79
   305  01FFED  52                 	db	82
   306  01FFEE  55                 	db	85
   307  01FFEF  58                 	db	88
   308  01FFF0  5A                 	db	90
   309  01FFF1  5D                 	db	93
   310  01FFF2  61                 	db	97
   311  01FFF3  64                 	db	100
   312  01FFF4  67                 	db	103
   313  01FFF5  6A                 	db	106
   314  01FFF6  6D                 	db	109
   315  01FFF7  70                 	db	112
   316  01FFF8  73                 	db	115
   317  01FFF9  76                 	db	118
   318  01FFFA  79                 	db	121
   319  01FFFB  7C                 	db	124
   320  0000                     _DAC1DATL	set	125
   321  0000                     _DAC1CON	set	127
   322  0000                     _T0CON1	set	795
   323  0000                     _TMR0L	set	792
   324  0000                     _TMR0H	set	793
   325  0000                     _T0CON0	set	794
   326  0000                     _ANSELA	set	1024
   327  0000                     _PIR3	set	1201
   328  0000                     _PIR3bits	set	1201
   329  0000                     _LATA	set	1214
   330  0000                     _TRISA	set	1222
   331                           
   332                           ; #config settings
   333                           
   334                           	psect	cinit
   335  01FE86                     __pcinit:
   336                           	callstack 0
   337  01FE86                     start_initialization:
   338                           	callstack 0
   339  01FE86                     __initialization:
   340                           	callstack 0
   341                           
   342                           ; Initialize objects allocated to BANK6 (256 bytes)
   343                           ; load TBLPTR registers with __pidataBANK6
   344  01FE86  0EFC               	movlw	low __pidataBANK6
   345  01FE88  6EF6               	movwf	tblptrl,c
   346  01FE8A  0EFE               	movlw	high __pidataBANK6
   347  01FE8C  6EF7               	movwf	tblptrh,c
   348  01FE8E  0E01               	movlw	low (__pidataBANK6 shr (0+16))
   349  01FE90  6EF8               	movwf	tblptru,c
   350  01FE92  EE01  F200         	lfsr	0,__pdataBANK6
   351  01FE96  EE10 F100          	lfsr	1,256
   352  01FE9A                     copy_data0:
   353  01FE9A  0009               	tblrd		*+
   354  01FE9C  C4F5 F4EE          	movff	tablat,postinc0
   355  01FEA0  50E5               	movf	postdec1,w,c
   356  01FEA2  50E1               	movf	fsr1l,w,c
   357  01FEA4  E1FA               	bnz	copy_data0
   358  01FEA6  50E2               	movf	fsr1h,w,c
   359  01FEA8  E1F8               	bnz	copy_data0
   360                           
   361                           ; Clear objects allocated to COMRAM (14 bytes)
   362  01FEAA  EE01  F101         	lfsr	0,__pbssCOMRAM
   363  01FEAE  0E0E               	movlw	14
   364  01FEB0                     clear_0:
   365  01FEB0  6AEE               	clrf	postinc0,c
   366  01FEB2  06E8               	decf	wreg,f,c
   367  01FEB4  E1FD               	bnz	clear_0
   368  01FEB6                     end_of_initialization:
   369                           	callstack 0
   370  01FEB6                     __end_of__initialization:
   371                           	callstack 0
   372  01FEB6  0100               	movlb	0
   373  01FEB8  EF5E  F0FF         	goto	_main	;jump to C main() function
   374                           
   375                           	psect	bssCOMRAM
   376  000501                     __pbssCOMRAM:
   377                           	callstack 0
   378  000501                     _G_u32SystemFlags:
   379                           	callstack 0
   380  000501                     	ds	4
   381  000505                     _G_u32SystemTime1s:
   382                           	callstack 0
   383  000505                     	ds	4
   384  000509                     _G_u32SystemTime1ms:
   385                           	callstack 0
   386  000509                     	ds	4
   387  00050D                     UserAppRun@u8Index:
   388                           	callstack 0
   389  00050D                     	ds	1
   390  00050E                     _G_u8UserAppFlags:
   391                           	callstack 0
   392  00050E                     	ds	1
   393                           
   394                           	psect	dataBANK6
   395  000600                     __pdataBANK6:
   396                           	callstack 0
   397  000600                     _UserApp_au8sinTable:
   398                           	callstack 0
   399  000600                     	ds	256
   400                           
   401                           	psect	cstackCOMRAM
   402  00050F                     __pcstackCOMRAM:
   403                           	callstack 0
   404  00050F                     TimeXus@u16Period:
   405                           	callstack 0
   406                           
   407                           ; 2 bytes @ 0x0
   408  00050F                     	ds	2
   409  000511                     ??_TimeXus:
   410                           
   411                           ; 1 bytes @ 0x2
   412  000511                     	ds	2
   413  000513                     
   414                           ; 1 bytes @ 0x4
   415 ;;
   416 ;;Main: autosize = 0, tempsize = 0, incstack = 0, save=0
   417 ;;
   418 ;; *************** function _main *****************
   419 ;; Defined at:
   420 ;;		line 35 in file "main.c"
   421 ;; Parameters:    Size  Location     Type
   422 ;;		None
   423 ;; Auto vars:     Size  Location     Type
   424 ;;		None
   425 ;; Return value:  Size  Location     Type
   426 ;;                  1    wreg      void 
   427 ;; Registers used:
   428 ;;		wreg, fsr2l, fsr2h, status,2, status,0, cstack
   429 ;; Tracked objects:
   430 ;;		On entry : 0/0
   431 ;;		On exit  : 0/0
   432 ;;		Unchanged: 0/0
   433 ;; Data sizes:     COMRAM   BANK5   BANK6   BANK7   BANK8   BANK9  BANK10  BANK11  BANK12  BANK13  BANK14  BANK15  BANK1
      +6  BANK17  BANK18  BANK19  BANK20  BANK21  BANK22  BANK23  BANK24  BANK25  BANK26  BANK27  BANK28  BANK29  BANK30  BANK3
      +1  BANK32  BANK33  BANK34  BANK35  BANK36  BANK37
   434 ;;      Params:         0       0       0       0       0       0       0       0       0       0       0       0       
      +0       0       0       0       0       0       0       0       0       0       0       0       0       0       0       
      +0       0       0       0       0       0       0
   435 ;;      Locals:         0       0       0       0       0       0       0       0       0       0       0       0       
      +0       0       0       0       0       0       0       0       0       0       0       0       0       0       0       
      +0       0       0       0       0       0       0
   436 ;;      Temps:          0       0       0       0       0       0       0       0       0       0       0       0       
      +0       0       0       0       0       0       0       0       0       0       0       0       0       0       0       
      +0       0       0       0       0       0       0
   437 ;;      Totals:         0       0       0       0       0       0       0       0       0       0       0       0       
      +0       0       0       0       0       0       0       0       0       0       0       0       0       0       0       
      +0       0       0       0       0       0       0
   438 ;;Total ram usage:        0 bytes
   439 ;; Hardware stack levels required when called:    1
   440 ;; This function calls:
   441 ;;		_ClockSetup
   442 ;;		_GpioSetup
   443 ;;		_SysTickSetup
   444 ;;		_SystemSleep
   445 ;;		_TimeXus
   446 ;;		_UserAppInitialize
   447 ;;		_UserAppRun
   448 ;; This function is called by:
   449 ;;		Startup code after reset
   450 ;; This function uses a non-reentrant model
   451 ;;
   452                           
   453                           	psect	text0
   454  01FEBC                     __ptext0:
   455                           	callstack 0
   456  01FEBC                     _main:
   457                           	callstack 127
   458  01FEBC                     
   459                           ;main.c: 37:   G_u32SystemFlags |= (u32)0x80000000;
   460  01FEBC  8E04               	bsf	(_G_u32SystemFlags+3)^(0+1280),7,c	;volatile
   461  01FEBE                     
   462                           ;main.c: 40:   ClockSetup();
   463  01FEBE  EC02  F0FF         	call	_ClockSetup	;wreg free
   464  01FEC2                     
   465                           ;main.c: 41:   SysTickSetup();
   466  01FEC2  EC21  F0FF         	call	_SysTickSetup	;wreg free
   467  01FEC6                     
   468                           ;main.c: 42:   GpioSetup();
   469  01FEC6  EC0A  F0FF         	call	_GpioSetup	;wreg free
   470  01FECA                     
   471                           ;main.c: 47:   UserAppInitialize();
   472  01FECA  EC04  F0FF         	call	_UserAppInitialize	;wreg free
   473  01FECE                     l816:
   474                           
   475                           ;main.c: 53:   {;main.c: 57:     UserAppRun();
   476  01FECE  EC15  F0FF         	call	_UserAppRun	;wreg free
   477  01FED2                     
   478                           ;main.c: 61:     (LATA &= 0x7F);
   479  01FED2  9EBE               	bcf	190,7,c	;volatile
   480  01FED4                     
   481                           ;main.c: 62:     SystemSleep();
   482  01FED4  EC03  F0FF         	call	_SystemSleep	;wreg free
   483  01FED8                     
   484                           ;main.c: 63:     TimeXus(11);
   485  01FED8  0E00               	movlw	0
   486  01FEDA  6E10               	movwf	(TimeXus@u16Period+1)^(0+1280),c
   487  01FEDC  0E0B               	movlw	11
   488  01FEDE  6E0F               	movwf	TimeXus@u16Period^(0+1280),c
   489  01FEE0  EC32  F0FF         	call	_TimeXus	;wreg free
   490  01FEE4                     l54:
   491  01FEE4  AEB1               	btfss	177,7,c	;volatile
   492  01FEE6  EF77  F0FF         	goto	u21
   493  01FEEA  EF79  F0FF         	goto	u20
   494  01FEEE                     u21:
   495  01FEEE  EF72  F0FF         	goto	l54
   496  01FEF2                     u20:
   497  01FEF2                     
   498                           ;main.c: 65:     (LATA |= 0x80);
   499  01FEF2  8EBE               	bsf	190,7,c	;volatile
   500  01FEF4  EF67  F0FF         	goto	l816
   501  01FEF8  EFFE  F0FF         	goto	start
   502  01FEFC                     __end_of_main:
   503                           	callstack 0
   504                           
   505 ;; *************** function _UserAppRun *****************
   506 ;; Defined at:
   507 ;;		line 143 in file "user_app.c"
   508 ;; Parameters:    Size  Location     Type
   509 ;;		None
   510 ;; Auto vars:     Size  Location     Type
   511 ;;		None
   512 ;; Return value:  Size  Location     Type
   513 ;;                  1    wreg      void 
   514 ;; Registers used:
   515 ;;		wreg, fsr2l, fsr2h, status,2, status,0
   516 ;; Tracked objects:
   517 ;;		On entry : 0/0
   518 ;;		On exit  : 0/0
   519 ;;		Unchanged: 0/0
   520 ;; Data sizes:     COMRAM   BANK5   BANK6   BANK7   BANK8   BANK9  BANK10  BANK11  BANK12  BANK13  BANK14  BANK15  BANK1
      +6  BANK17  BANK18  BANK19  BANK20  BANK21  BANK22  BANK23  BANK24  BANK25  BANK26  BANK27  BANK28  BANK29  BANK30  BANK3
      +1  BANK32  BANK33  BANK34  BANK35  BANK36  BANK37
   521 ;;      Params:         0       0       0       0       0       0       0       0       0       0       0       0       
      +0       0       0       0       0       0       0       0       0       0       0       0       0       0       0       
      +0       0       0       0       0       0       0
   522 ;;      Locals:         0       0       0       0       0       0       0       0       0       0       0       0       
      +0       0       0       0       0       0       0       0       0       0       0       0       0       0       0       
      +0       0       0       0       0       0       0
   523 ;;      Temps:          0       0       0       0       0       0       0       0       0       0       0       0       
      +0       0       0       0       0       0       0       0       0       0       0       0       0       0       0       
      +0       0       0       0       0       0       0
   524 ;;      Totals:         0       0       0       0       0       0       0       0       0       0       0       0       
      +0       0       0       0       0       0       0       0       0       0       0       0       0       0       0       
      +0       0       0       0       0       0       0
   525 ;;Total ram usage:        0 bytes
   526 ;; Hardware stack levels used:    1
   527 ;; This function calls:
   528 ;;		Nothing
   529 ;; This function is called by:
   530 ;;		_main
   531 ;; This function uses a non-reentrant model
   532 ;;
   533                           
   534                           	psect	text1
   535  01FE2A                     __ptext1:
   536                           	callstack 0
   537  01FE2A                     _UserAppRun:
   538                           	callstack 127
   539  01FE2A                     
   540                           ;user_app.c: 145:     static u8 u8Index = 0;;user_app.c: 146:     DAC1DATL = UserApp_au8
      +                          sinTable[u8Index];
   541  01FE2A  0E00               	movlw	low _UserApp_au8sinTable
   542  01FE2C  240D               	addwf	UserAppRun@u8Index^(0+1280),w,c
   543  01FE2E  6ED9               	movwf	fsr2l,c
   544  01FE30  6ADA               	clrf	fsr2h,c
   545  01FE32  0E06               	movlw	high _UserApp_au8sinTable
   546  01FE34  22DA               	addwfc	fsr2h,f,c
   547  01FE36  50DF               	movf	indf2,w,c
   548  01FE38  0100               	movlb	0	; () banked
   549  01FE3A  6F7D               	movwf	125,b	;volatile
   550  01FE3C                     
   551                           ; BSR set to: 0
   552                           ;user_app.c: 147:     u8Index += 4;
   553  01FE3C  0E04               	movlw	4
   554  01FE3E  260D               	addwf	UserAppRun@u8Index^(0+1280),f,c
   555  01FE40                     
   556                           ; BSR set to: 0
   557  01FE40  0012               	return		;funcret
   558  01FE42                     __end_of_UserAppRun:
   559                           	callstack 0
   560                           
   561 ;; *************** function _UserAppInitialize *****************
   562 ;; Defined at:
   563 ;;		line 122 in file "user_app.c"
   564 ;; Parameters:    Size  Location     Type
   565 ;;		None
   566 ;; Auto vars:     Size  Location     Type
   567 ;;		None
   568 ;; Return value:  Size  Location     Type
   569 ;;                  1    wreg      void 
   570 ;; Registers used:
   571 ;;		wreg, status,2
   572 ;; Tracked objects:
   573 ;;		On entry : 0/0
   574 ;;		On exit  : 0/0
   575 ;;		Unchanged: 0/0
   576 ;; Data sizes:     COMRAM   BANK5   BANK6   BANK7   BANK8   BANK9  BANK10  BANK11  BANK12  BANK13  BANK14  BANK15  BANK1
      +6  BANK17  BANK18  BANK19  BANK20  BANK21  BANK22  BANK23  BANK24  BANK25  BANK26  BANK27  BANK28  BANK29  BANK30  BANK3
      +1  BANK32  BANK33  BANK34  BANK35  BANK36  BANK37
   577 ;;      Params:         0       0       0       0       0       0       0       0       0       0       0       0       
      +0       0       0       0       0       0       0       0       0       0       0       0       0       0       0       
      +0       0       0       0       0       0       0
   578 ;;      Locals:         0       0       0       0       0       0       0       0       0       0       0       0       
      +0       0       0       0       0       0       0       0       0       0       0       0       0       0       0       
      +0       0       0       0       0       0       0
   579 ;;      Temps:          0       0       0       0       0       0       0       0       0       0       0       0       
      +0       0       0       0       0       0       0       0       0       0       0       0       0       0       0       
      +0       0       0       0       0       0       0
   580 ;;      Totals:         0       0       0       0       0       0       0       0       0       0       0       0       
      +0       0       0       0       0       0       0       0       0       0       0       0       0       0       0       
      +0       0       0       0       0       0       0
   581 ;;Total ram usage:        0 bytes
   582 ;; Hardware stack levels used:    1
   583 ;; This function calls:
   584 ;;		Nothing
   585 ;; This function is called by:
   586 ;;		_main
   587 ;; This function uses a non-reentrant model
   588 ;;
   589                           
   590                           	psect	text2
   591  01FE08                     __ptext2:
   592                           	callstack 0
   593  01FE08                     _UserAppInitialize:
   594                           	callstack 127
   595  01FE08                     
   596                           ;user_app.c: 125:     T0CON0 = 0x90;
   597  01FE08  0E90               	movlw	144
   598  01FE0A  0103               	movlb	3	; () banked
   599  01FE0C  6F1A               	movwf	26,b	;volatile
   600                           
   601                           ;user_app.c: 126:     T0CON1 = 0x54;
   602  01FE0E  0E54               	movlw	84
   603  01FE10  6F1B               	movwf	27,b	;volatile
   604  01FE12                     
   605                           ; BSR set to: 3
   606  01FE12  0012               	return		;funcret
   607  01FE14                     __end_of_UserAppInitialize:
   608                           	callstack 0
   609                           
   610 ;; *************** function _TimeXus *****************
   611 ;; Defined at:
   612 ;;		line 81 in file "user_app.c"
   613 ;; Parameters:    Size  Location     Type
   614 ;;  u16Period       2    0[COMRAM] unsigned short 
   615 ;; Auto vars:     Size  Location     Type
   616 ;;		None
   617 ;; Return value:  Size  Location     Type
   618 ;;                  1    wreg      void 
   619 ;; Registers used:
   620 ;;		wreg, status,2, status,0
   621 ;; Tracked objects:
   622 ;;		On entry : 0/0
   623 ;;		On exit  : 0/0
   624 ;;		Unchanged: 0/0
   625 ;; Data sizes:     COMRAM   BANK5   BANK6   BANK7   BANK8   BANK9  BANK10  BANK11  BANK12  BANK13  BANK14  BANK15  BANK1
      +6  BANK17  BANK18  BANK19  BANK20  BANK21  BANK22  BANK23  BANK24  BANK25  BANK26  BANK27  BANK28  BANK29  BANK30  BANK3
      +1  BANK32  BANK33  BANK34  BANK35  BANK36  BANK37
   626 ;;      Params:         2       0       0       0       0       0       0       0       0       0       0       0       
      +0       0       0       0       0       0       0       0       0       0       0       0       0       0       0       
      +0       0       0       0       0       0       0
   627 ;;      Locals:         0       0       0       0       0       0       0       0       0       0       0       0       
      +0       0       0       0       0       0       0       0       0       0       0       0       0       0       0       
      +0       0       0       0       0       0       0
   628 ;;      Temps:          2       0       0       0       0       0       0       0       0       0       0       0       
      +0       0       0       0       0       0       0       0       0       0       0       0       0       0       0       
      +0       0       0       0       0       0       0
   629 ;;      Totals:         4       0       0       0       0       0       0       0       0       0       0       0       
      +0       0       0       0       0       0       0       0       0       0       0       0       0       0       0       
      +0       0       0       0       0       0       0
   630 ;;Total ram usage:        4 bytes
   631 ;; Hardware stack levels used:    1
   632 ;; This function calls:
   633 ;;		Nothing
   634 ;; This function is called by:
   635 ;;		_main
   636 ;; This function uses a non-reentrant model
   637 ;;
   638                           
   639                           	psect	text3
   640  01FE64                     __ptext3:
   641                           	callstack 0
   642  01FE64                     _TimeXus:
   643                           	callstack 127
   644  01FE64                     
   645                           ;user_app.c: 81:  void TimeXus(u16 u16Period);user_app.c: 82:  {;user_app.c: 87:      T0
      +                          CON0 &= 0x7F;
   646  01FE64  0103               	movlb	3	; () banked
   647  01FE66  9F1A               	bcf	26,7,b	;volatile
   648  01FE68                     
   649                           ; BSR set to: 3
   650                           ;user_app.c: 90:      TMR0H = (u8)((0xFFFF - u16Period) >> 8);
   651  01FE68  1C0F               	comf	TimeXus@u16Period^(0+1280),w,c
   652  01FE6A  6E11               	movwf	??_TimeXus^(0+1280),c
   653  01FE6C  1C10               	comf	(TimeXus@u16Period+1)^(0+1280),w,c
   654  01FE6E  6E12               	movwf	(??_TimeXus+1)^(0+1280),c
   655  01FE70  C512  F511         	movff	??_TimeXus+1,??_TimeXus
   656  01FE74  6A12               	clrf	(??_TimeXus+1)^(0+1280),c
   657  01FE76  5011               	movf	??_TimeXus^(0+1280),w,c
   658  01FE78  6F19               	movwf	25,b	;volatile
   659  01FE7A                     
   660                           ; BSR set to: 3
   661                           ;user_app.c: 91:      TMR0L = (u8)(0xFFFF - u16Period);
   662  01FE7A  500F               	movf	TimeXus@u16Period^(0+1280),w,c
   663  01FE7C  0AFF               	xorlw	255
   664  01FE7E  6F18               	movwf	24,b	;volatile
   665                           
   666                           ;user_app.c: 94:      PIR3 &= 0x7F;
   667  01FE80  9EB1               	bcf	177,7,c	;volatile
   668                           
   669                           ;user_app.c: 95:      T0CON0 |= 0x80;
   670  01FE82  8F1A               	bsf	26,7,b	;volatile
   671  01FE84                     
   672                           ; BSR set to: 3
   673  01FE84  0012               	return		;funcret
   674  01FE86                     __end_of_TimeXus:
   675                           	callstack 0
   676                           
   677 ;; *************** function _SystemSleep *****************
   678 ;; Defined at:
   679 ;;		line 136 in file "encm369_pic18.c"
   680 ;; Parameters:    Size  Location     Type
   681 ;;		None
   682 ;; Auto vars:     Size  Location     Type
   683 ;;		None
   684 ;; Return value:  Size  Location     Type
   685 ;;                  1    wreg      void 
   686 ;; Registers used:
   687 ;;		None
   688 ;; Tracked objects:
   689 ;;		On entry : 0/0
   690 ;;		On exit  : 0/0
   691 ;;		Unchanged: 0/0
   692 ;; Data sizes:     COMRAM   BANK5   BANK6   BANK7   BANK8   BANK9  BANK10  BANK11  BANK12  BANK13  BANK14  BANK15  BANK1
      +6  BANK17  BANK18  BANK19  BANK20  BANK21  BANK22  BANK23  BANK24  BANK25  BANK26  BANK27  BANK28  BANK29  BANK30  BANK3
      +1  BANK32  BANK33  BANK34  BANK35  BANK36  BANK37
   693 ;;      Params:         0       0       0       0       0       0       0       0       0       0       0       0       
      +0       0       0       0       0       0       0       0       0       0       0       0       0       0       0       
      +0       0       0       0       0       0       0
   694 ;;      Locals:         0       0       0       0       0       0       0       0       0       0       0       0       
      +0       0       0       0       0       0       0       0       0       0       0       0       0       0       0       
      +0       0       0       0       0       0       0
   695 ;;      Temps:          0       0       0       0       0       0       0       0       0       0       0       0       
      +0       0       0       0       0       0       0       0       0       0       0       0       0       0       0       
      +0       0       0       0       0       0       0
   696 ;;      Totals:         0       0       0       0       0       0       0       0       0       0       0       0       
      +0       0       0       0       0       0       0       0       0       0       0       0       0       0       0       
      +0       0       0       0       0       0       0
   697 ;;Total ram usage:        0 bytes
   698 ;; Hardware stack levels used:    1
   699 ;; This function calls:
   700 ;;		Nothing
   701 ;; This function is called by:
   702 ;;		_main
   703 ;; This function uses a non-reentrant model
   704 ;;
   705                           
   706                           	psect	text4
   707  01FE06                     __ptext4:
   708                           	callstack 0
   709  01FE06                     _SystemSleep:
   710                           	callstack 127
   711  01FE06  0012               	return		;funcret
   712  01FE08                     __end_of_SystemSleep:
   713                           	callstack 0
   714                           
   715 ;; *************** function _SysTickSetup *****************
   716 ;; Defined at:
   717 ;;		line 114 in file "encm369_pic18.c"
   718 ;; Parameters:    Size  Location     Type
   719 ;;		None
   720 ;; Auto vars:     Size  Location     Type
   721 ;;		None
   722 ;; Return value:  Size  Location     Type
   723 ;;                  1    wreg      void 
   724 ;; Registers used:
   725 ;;		wreg, status,2
   726 ;; Tracked objects:
   727 ;;		On entry : 0/0
   728 ;;		On exit  : 0/0
   729 ;;		Unchanged: 0/0
   730 ;; Data sizes:     COMRAM   BANK5   BANK6   BANK7   BANK8   BANK9  BANK10  BANK11  BANK12  BANK13  BANK14  BANK15  BANK1
      +6  BANK17  BANK18  BANK19  BANK20  BANK21  BANK22  BANK23  BANK24  BANK25  BANK26  BANK27  BANK28  BANK29  BANK30  BANK3
      +1  BANK32  BANK33  BANK34  BANK35  BANK36  BANK37
   731 ;;      Params:         0       0       0       0       0       0       0       0       0       0       0       0       
      +0       0       0       0       0       0       0       0       0       0       0       0       0       0       0       
      +0       0       0       0       0       0       0
   732 ;;      Locals:         0       0       0       0       0       0       0       0       0       0       0       0       
      +0       0       0       0       0       0       0       0       0       0       0       0       0       0       0       
      +0       0       0       0       0       0       0
   733 ;;      Temps:          0       0       0       0       0       0       0       0       0       0       0       0       
      +0       0       0       0       0       0       0       0       0       0       0       0       0       0       0       
      +0       0       0       0       0       0       0
   734 ;;      Totals:         0       0       0       0       0       0       0       0       0       0       0       0       
      +0       0       0       0       0       0       0       0       0       0       0       0       0       0       0       
      +0       0       0       0       0       0       0
   735 ;;Total ram usage:        0 bytes
   736 ;; Hardware stack levels used:    1
   737 ;; This function calls:
   738 ;;		Nothing
   739 ;; This function is called by:
   740 ;;		_main
   741 ;; This function uses a non-reentrant model
   742 ;;
   743                           
   744                           	psect	text5
   745  01FE42                     __ptext5:
   746                           	callstack 0
   747  01FE42                     _SysTickSetup:
   748                           	callstack 127
   749  01FE42                     
   750                           ;encm369_pic18.c: 116:   G_u32SystemTime1ms = 0;
   751  01FE42  0E00               	movlw	0
   752  01FE44  6E09               	movwf	_G_u32SystemTime1ms^(0+1280),c	;volatile
   753  01FE46  0E00               	movlw	0
   754  01FE48  6E0A               	movwf	(_G_u32SystemTime1ms+1)^(0+1280),c	;volatile
   755  01FE4A  0E00               	movlw	0
   756  01FE4C  6E0B               	movwf	(_G_u32SystemTime1ms+2)^(0+1280),c	;volatile
   757  01FE4E  0E00               	movlw	0
   758  01FE50  6E0C               	movwf	(_G_u32SystemTime1ms+3)^(0+1280),c	;volatile
   759                           
   760                           ;encm369_pic18.c: 117:   G_u32SystemTime1s = 0;
   761  01FE52  0E00               	movlw	0
   762  01FE54  6E05               	movwf	_G_u32SystemTime1s^(0+1280),c	;volatile
   763  01FE56  0E00               	movlw	0
   764  01FE58  6E06               	movwf	(_G_u32SystemTime1s+1)^(0+1280),c	;volatile
   765  01FE5A  0E00               	movlw	0
   766  01FE5C  6E07               	movwf	(_G_u32SystemTime1s+2)^(0+1280),c	;volatile
   767  01FE5E  0E00               	movlw	0
   768  01FE60  6E08               	movwf	(_G_u32SystemTime1s+3)^(0+1280),c	;volatile
   769  01FE62  0012               	return		;funcret
   770  01FE64                     __end_of_SysTickSetup:
   771                           	callstack 0
   772                           
   773 ;; *************** function _GpioSetup *****************
   774 ;; Defined at:
   775 ;;		line 89 in file "encm369_pic18.c"
   776 ;; Parameters:    Size  Location     Type
   777 ;;		None
   778 ;; Auto vars:     Size  Location     Type
   779 ;;		None
   780 ;; Return value:  Size  Location     Type
   781 ;;                  1    wreg      void 
   782 ;; Registers used:
   783 ;;		wreg, status,2
   784 ;; Tracked objects:
   785 ;;		On entry : 0/0
   786 ;;		On exit  : 0/0
   787 ;;		Unchanged: 0/0
   788 ;; Data sizes:     COMRAM   BANK5   BANK6   BANK7   BANK8   BANK9  BANK10  BANK11  BANK12  BANK13  BANK14  BANK15  BANK1
      +6  BANK17  BANK18  BANK19  BANK20  BANK21  BANK22  BANK23  BANK24  BANK25  BANK26  BANK27  BANK28  BANK29  BANK30  BANK3
      +1  BANK32  BANK33  BANK34  BANK35  BANK36  BANK37
   789 ;;      Params:         0       0       0       0       0       0       0       0       0       0       0       0       
      +0       0       0       0       0       0       0       0       0       0       0       0       0       0       0       
      +0       0       0       0       0       0       0
   790 ;;      Locals:         0       0       0       0       0       0       0       0       0       0       0       0       
      +0       0       0       0       0       0       0       0       0       0       0       0       0       0       0       
      +0       0       0       0       0       0       0
   791 ;;      Temps:          0       0       0       0       0       0       0       0       0       0       0       0       
      +0       0       0       0       0       0       0       0       0       0       0       0       0       0       0       
      +0       0       0       0       0       0       0
   792 ;;      Totals:         0       0       0       0       0       0       0       0       0       0       0       0       
      +0       0       0       0       0       0       0       0       0       0       0       0       0       0       0       
      +0       0       0       0       0       0       0
   793 ;;Total ram usage:        0 bytes
   794 ;; Hardware stack levels used:    1
   795 ;; This function calls:
   796 ;;		Nothing
   797 ;; This function is called by:
   798 ;;		_main
   799 ;; This function uses a non-reentrant model
   800 ;;
   801                           
   802                           	psect	text6
   803  01FE14                     __ptext6:
   804                           	callstack 0
   805  01FE14                     _GpioSetup:
   806                           	callstack 127
   807  01FE14                     
   808                           ;encm369_pic18.c: 92:     TRISA = 0x00;
   809  01FE14  0E00               	movlw	0
   810  01FE16  6EC6               	movwf	198,c	;volatile
   811                           
   812                           ;encm369_pic18.c: 93:     ANSELA = 0x00;
   813  01FE18  0E00               	movlw	0
   814  01FE1A  0104               	movlb	4	; () banked
   815  01FE1C  6F00               	movwf	0,b	;volatile
   816                           
   817                           ;encm369_pic18.c: 96:     DAC1CON = 0xA0;
   818  01FE1E  0EA0               	movlw	160
   819  01FE20  0100               	movlb	0	; () banked
   820  01FE22  6F7F               	movwf	127,b	;volatile
   821                           
   822                           ;encm369_pic18.c: 97:     DAC1DATL = 0;
   823  01FE24  0E00               	movlw	0
   824  01FE26  6F7D               	movwf	125,b	;volatile
   825  01FE28                     
   826                           ; BSR set to: 0
   827  01FE28  0012               	return		;funcret
   828  01FE2A                     __end_of_GpioSetup:
   829                           	callstack 0
   830                           
   831 ;; *************** function _ClockSetup *****************
   832 ;; Defined at:
   833 ;;		line 70 in file "encm369_pic18.c"
   834 ;; Parameters:    Size  Location     Type
   835 ;;		None
   836 ;; Auto vars:     Size  Location     Type
   837 ;;		None
   838 ;; Return value:  Size  Location     Type
   839 ;;                  1    wreg      void 
   840 ;; Registers used:
   841 ;;		None
   842 ;; Tracked objects:
   843 ;;		On entry : 0/0
   844 ;;		On exit  : 0/0
   845 ;;		Unchanged: 0/0
   846 ;; Data sizes:     COMRAM   BANK5   BANK6   BANK7   BANK8   BANK9  BANK10  BANK11  BANK12  BANK13  BANK14  BANK15  BANK1
      +6  BANK17  BANK18  BANK19  BANK20  BANK21  BANK22  BANK23  BANK24  BANK25  BANK26  BANK27  BANK28  BANK29  BANK30  BANK3
      +1  BANK32  BANK33  BANK34  BANK35  BANK36  BANK37
   847 ;;      Params:         0       0       0       0       0       0       0       0       0       0       0       0       
      +0       0       0       0       0       0       0       0       0       0       0       0       0       0       0       
      +0       0       0       0       0       0       0
   848 ;;      Locals:         0       0       0       0       0       0       0       0       0       0       0       0       
      +0       0       0       0       0       0       0       0       0       0       0       0       0       0       0       
      +0       0       0       0       0       0       0
   849 ;;      Temps:          0       0       0       0       0       0       0       0       0       0       0       0       
      +0       0       0       0       0       0       0       0       0       0       0       0       0       0       0       
      +0       0       0       0       0       0       0
   850 ;;      Totals:         0       0       0       0       0       0       0       0       0       0       0       0       
      +0       0       0       0       0       0       0       0       0       0       0       0       0       0       0       
      +0       0       0       0       0       0       0
   851 ;;Total ram usage:        0 bytes
   852 ;; Hardware stack levels used:    1
   853 ;; This function calls:
   854 ;;		Nothing
   855 ;; This function is called by:
   856 ;;		_main
   857 ;; This function uses a non-reentrant model
   858 ;;
   859                           
   860                           	psect	text7
   861  01FE04                     __ptext7:
   862                           	callstack 0
   863  01FE04                     _ClockSetup:
   864                           	callstack 127
   865  01FE04  0012               	return		;funcret
   866  01FE06                     __end_of_ClockSetup:
   867                           	callstack 0
   868  0000                     
   869                           	psect	rparam
   870  0000                     
   871                           	psect	idloc
   872                           
   873                           ;Config register IDLOC0 @ 0x200000
   874                           ;	unspecified, using default values
   875  200000                     	org	2097152
   876  200000  0FFF               	dw	4095
   877                           
   878                           ;Config register IDLOC1 @ 0x200002
   879                           ;	unspecified, using default values
   880  200002                     	org	2097154
   881  200002  0FFF               	dw	4095
   882                           
   883                           ;Config register IDLOC2 @ 0x200004
   884                           ;	unspecified, using default values
   885  200004                     	org	2097156
   886  200004  0FFF               	dw	4095
   887                           
   888                           ;Config register IDLOC3 @ 0x200006
   889                           ;	unspecified, using default values
   890  200006                     	org	2097158
   891  200006  0FFF               	dw	4095
   892                           
   893                           ;Config register IDLOC4 @ 0x200008
   894                           ;	unspecified, using default values
   895  200008                     	org	2097160
   896  200008  0FFF               	dw	4095
   897                           
   898                           ;Config register IDLOC5 @ 0x20000A
   899                           ;	unspecified, using default values
   900  20000A                     	org	2097162
   901  20000A  0FFF               	dw	4095
   902                           
   903                           ;Config register IDLOC6 @ 0x20000C
   904                           ;	unspecified, using default values
   905  20000C                     	org	2097164
   906  20000C  0FFF               	dw	4095
   907                           
   908                           ;Config register IDLOC7 @ 0x20000E
   909                           ;	unspecified, using default values
   910  20000E                     	org	2097166
   911  20000E  0FFF               	dw	4095
   912                           
   913                           ;Config register IDLOC8 @ 0x200010
   914                           ;	unspecified, using default values
   915  200010                     	org	2097168
   916  200010  0FFF               	dw	4095
   917                           
   918                           ;Config register IDLOC9 @ 0x200012
   919                           ;	unspecified, using default values
   920  200012                     	org	2097170
   921  200012  0FFF               	dw	4095
   922                           
   923                           ;Config register IDLOC10 @ 0x200014
   924                           ;	unspecified, using default values
   925  200014                     	org	2097172
   926  200014  0FFF               	dw	4095
   927                           
   928                           ;Config register IDLOC11 @ 0x200016
   929                           ;	unspecified, using default values
   930  200016                     	org	2097174
   931  200016  0FFF               	dw	4095
   932                           
   933                           ;Config register IDLOC12 @ 0x200018
   934                           ;	unspecified, using default values
   935  200018                     	org	2097176
   936  200018  0FFF               	dw	4095
   937                           
   938                           ;Config register IDLOC13 @ 0x20001A
   939                           ;	unspecified, using default values
   940  20001A                     	org	2097178
   941  20001A  0FFF               	dw	4095
   942                           
   943                           ;Config register IDLOC14 @ 0x20001C
   944                           ;	unspecified, using default values
   945  20001C                     	org	2097180
   946  20001C  0FFF               	dw	4095
   947                           
   948                           ;Config register IDLOC15 @ 0x20001E
   949                           ;	unspecified, using default values
   950  20001E                     	org	2097182
   951  20001E  0FFF               	dw	4095
   952                           
   953                           	psect	config
   954                           
   955                           ;Config register CONFIG1 @ 0x300000
   956                           ;	External Oscillator Selection
   957                           ;	FEXTOSC = OFF, Oscillator not enabled
   958                           ;	Reset Oscillator Selection
   959                           ;	RSTOSC = HFINTOSC_64MHZ, HFINTOSC with HFFRQ = 64 MHz and CDIV = 1:1
   960  300000                     	org	3145728
   961  300000  8C                 	db	140
   962                           
   963                           ;Config register CONFIG2 @ 0x300001
   964                           ;	Clock out Enable bit
   965                           ;	CLKOUTEN = ON, CLKOUT function is enabled
   966                           ;	PRLOCKED One-Way Set Enable bit
   967                           ;	PR1WAY = ON, PRLOCKED bit can be cleared and set only once
   968                           ;	Clock Switch Enable bit
   969                           ;	CSWEN = ON, Writing to NOSC and NDIV is allowed
   970                           ;	Fail-Safe Clock Monitor Enable bit
   971                           ;	FCMEN = ON, Fail-Safe Clock Monitor enabled
   972  300001                     	org	3145729
   973  300001  FE                 	db	254
   974                           
   975                           ;Config register CONFIG3 @ 0x300002
   976                           ;	MCLR Enable bit
   977                           ;	MCLRE = EXTMCLR, If LVP = 0, MCLR pin is MCLR; If LVP = 1, RE3 pin function is MCLR
   978                           ;	Power-up timer selection bits
   979                           ;	PWRTS = PWRT_OFF, PWRT is disabled
   980                           ;	Multi-vector enable bit
   981                           ;	MVECEN = ON, Multi-vector enabled, Vector table used for interrupts
   982                           ;	IVTLOCK bit One-way set enable bit
   983                           ;	IVT1WAY = ON, IVTLOCKED bit can be cleared and set only once
   984                           ;	Low Power BOR Enable bit
   985                           ;	LPBOREN = OFF, Low-Power BOR disabled
   986                           ;	Brown-out Reset Enable bits
   987                           ;	BOREN = SBORDIS, Brown-out Reset enabled , SBOREN bit is ignored
   988  300002                     	org	3145730
   989  300002  FF                 	db	255
   990                           
   991                           ;Config register CONFIG4 @ 0x300003
   992                           ;	Brown-out Reset Voltage Selection bits
   993                           ;	BORV = VBOR_2P85, Brown-out Reset Voltage (VBOR) set to 2.8V
   994                           ;	ZCD Disable bit
   995                           ;	ZCD = OFF, ZCD module is disabled. ZCD can be enabled by setting the ZCDSEN bit of ZCD
      +                          CON
   996                           ;	PPSLOCK bit One-Way Set Enable bit
   997                           ;	PPS1WAY = ON, PPSLOCKED bit can be cleared and set only once; PPS registers remain loc
      +                          ked after one clear/set cycle
   998                           ;	Stack Full/Underflow Reset Enable bit
   999                           ;	STVREN = ON, Stack full/underflow will cause Reset
  1000                           ;	Low Voltage Programming Enable bit
  1001                           ;	LVP = ON, Low voltage programming enabled. MCLR/VPP pin function is MCLR. MCLRE config
      +                          uration bit is ignored
  1002                           ;	Extended Instruction Set Enable bit
  1003                           ;	XINST = OFF, Extended Instruction Set and Indexed Addressing Mode disabled
  1004  300003                     	org	3145731
  1005  300003  FC                 	db	252
  1006                           
  1007                           ;Config register CONFIG5 @ 0x300004
  1008                           ;	WDT Period selection bits
  1009                           ;	WDTCPS = WDTCPS_31, Divider ratio 1:65536; software control of WDTPS
  1010                           ;	WDT operating mode
  1011                           ;	WDTE = OFF, WDT Disabled; SWDTEN is ignored
  1012  300004                     	org	3145732
  1013  300004  9F                 	db	159
  1014                           
  1015                           ;Config register CONFIG6 @ 0x300005
  1016                           ;	WDT Window Select bits
  1017                           ;	WDTCWS = WDTCWS_7, window always open (100%); software control; keyed access not requi
      +                          red
  1018                           ;	WDT input clock selector
  1019                           ;	WDTCCS = SC, Software Control
  1020  300005                     	org	3145733
  1021  300005  FF                 	db	255
  1022                           
  1023                           ;Config register CONFIG7 @ 0x300006
  1024                           ;	Boot Block Size selection bits
  1025                           ;	BBSIZE = BBSIZE_512, Boot Block size is 512 words
  1026                           ;	Boot Block enable bit
  1027                           ;	BBEN = OFF, Boot block disabled
  1028                           ;	Storage Area Flash enable bit
  1029                           ;	SAFEN = OFF, SAF disabled
  1030                           ;	Background Debugger
  1031                           ;	DEBUG = OFF, Background Debugger disabled
  1032  300006                     	org	3145734
  1033  300006  FF                 	db	255
  1034                           
  1035                           ;Config register CONFIG8 @ 0x300007
  1036                           ;	Boot Block Write Protection bit
  1037                           ;	WRTB = OFF, Boot Block not Write protected
  1038                           ;	Configuration Register Write Protection bit
  1039                           ;	WRTC = OFF, Configuration registers not Write protected
  1040                           ;	Data EEPROM Write Protection bit
  1041                           ;	WRTD = OFF, Data EEPROM not Write protected
  1042                           ;	SAF Write protection bit
  1043                           ;	WRTSAF = OFF, SAF not Write Protected
  1044                           ;	Application Block write protection bit
  1045                           ;	WRTAPP = OFF, Application Block not write protected
  1046  300007                     	org	3145735
  1047  300007  FF                 	db	255
  1048                           
  1049                           ; Padding undefined space
  1050  300008                     	org	3145736
  1051  300008  FF                 	db	255
  1052                           
  1053                           ;Config register CONFIG10 @ 0x300009
  1054                           ;	PFM and Data EEPROM Code Protection bit
  1055                           ;	CP = OFF, PFM and Data EEPROM code protection disabled
  1056  300009                     	org	3145737
  1057  300009  FF                 	db	255
  1058                           tosu	equ	0x4FF
  1059                           tosh	equ	0x4FE
  1060                           tosl	equ	0x4FD
  1061                           stkptr	equ	0x4FC
  1062                           pclatu	equ	0x4FB
  1063                           pclath	equ	0x4FA
  1064                           pcl	equ	0x4F9
  1065                           tblptru	equ	0x4F8
  1066                           tblptrh	equ	0x4F7
  1067                           tblptrl	equ	0x4F6
  1068                           tablat	equ	0x4F5
  1069                           prodh	equ	0x4F4
  1070                           prodl	equ	0x4F3
  1071                           indf0	equ	0x4EF
  1072                           postinc0	equ	0x4EE
  1073                           postdec0	equ	0x4ED
  1074                           preinc0	equ	0x4EC
  1075                           plusw0	equ	0x4EB
  1076                           fsr0h	equ	0x4EA
  1077                           fsr0l	equ	0x4E9
  1078                           wreg	equ	0x4E8
  1079                           indf1	equ	0x4E7
  1080                           postinc1	equ	0x4E6
  1081                           postdec1	equ	0x4E5
  1082                           preinc1	equ	0x4E4
  1083                           plusw1	equ	0x4E3
  1084                           fsr1h	equ	0x4E2
  1085                           fsr1l	equ	0x4E1
  1086                           bsr	equ	0x4E0
  1087                           indf2	equ	0x4DF
  1088                           postinc2	equ	0x4DE
  1089                           postdec2	equ	0x4DD
  1090                           preinc2	equ	0x4DC
  1091                           plusw2	equ	0x4DB
  1092                           fsr2h	equ	0x4DA
  1093                           fsr2l	equ	0x4D9
  1094                           status	equ	0x4D8

Data Sizes:
    Strings     0
    Constant    0
    Data        256
    BSS         14
    Persistent  0
    Stack       0

Auto Spaces:
    Space          Size  Autos    Used
    COMRAM           95      4      18
    BANK5           160      0       0
    BANK6           256      0     256
    BANK7           256      0       0
    BANK8           256      0       0
    BANK9           256      0       0
    BANK10          256      0       0
    BANK11          256      0       0
    BANK12          256      0       0
    BANK13          256      0       0
    BANK14          256      0       0
    BANK15          256      0       0
    BANK16          256      0       0
    BANK17          256      0       0
    BANK18          256      0       0
    BANK19          256      0       0
    BANK20          256      0       0
    BANK21          256      0       0
    BANK22          256      0       0
    BANK23          256      0       0
    BANK24          256      0       0
    BANK25          256      0       0
    BANK26          256      0       0
    BANK27          256      0       0
    BANK28          256      0       0
    BANK29          256      0       0
    BANK30          256      0       0
    BANK31          256      0       0
    BANK32          256      0       0
    BANK33          256      0       0
    BANK34          256      0       0
    BANK35          256      0       0
    BANK36          256      0       0
    BANK37          256      0       0

Pointer List with Targets:

    None.

Critical Paths under _main in COMRAM

    _main->_TimeXus

Critical Paths under _main in BANK5

    None.

Critical Paths under _main in BANK6

    None.

Critical Paths under _main in BANK7

    None.

Critical Paths under _main in BANK8

    None.

Critical Paths under _main in BANK9

    None.

Critical Paths under _main in BANK10

    None.

Critical Paths under _main in BANK11

    None.

Critical Paths under _main in BANK12

    None.

Critical Paths under _main in BANK13

    None.

Critical Paths under _main in BANK14

    None.

Critical Paths under _main in BANK15

    None.

Critical Paths under _main in BANK16

    None.

Critical Paths under _main in BANK17

    None.

Critical Paths under _main in BANK18

    None.

Critical Paths under _main in BANK19

    None.

Critical Paths under _main in BANK20

    None.

Critical Paths under _main in BANK21

    None.

Critical Paths under _main in BANK22

    None.

Critical Paths under _main in BANK23

    None.

Critical Paths under _main in BANK24

    None.

Critical Paths under _main in BANK25

    None.

Critical Paths under _main in BANK26

    None.

Critical Paths under _main in BANK27

    None.

Critical Paths under _main in BANK28

    None.

Critical Paths under _main in BANK29

    None.

Critical Paths under _main in BANK30

    None.

Critical Paths under _main in BANK31

    None.

Critical Paths under _main in BANK32

    None.

Critical Paths under _main in BANK33

    None.

Critical Paths under _main in BANK34

    None.

Critical Paths under _main in BANK35

    None.

Critical Paths under _main in BANK36

    None.

Critical Paths under _main in BANK37

    None.

Call Graph Tables:

 ---------------------------------------------------------------------------------
 (Depth) Function   	        Calls       Base Space   Used Autos Params    Refs
 ---------------------------------------------------------------------------------
 (0) _main                                                 0     0      0     120
                         _ClockSetup
                          _GpioSetup
                       _SysTickSetup
                        _SystemSleep
                            _TimeXus
                  _UserAppInitialize
                         _UserAppRun
 ---------------------------------------------------------------------------------
 (1) _UserAppRun                                           0     0      0       0
 ---------------------------------------------------------------------------------
 (1) _UserAppInitialize                                    0     0      0       0
 ---------------------------------------------------------------------------------
 (1) _TimeXus                                              4     2      2     120
                                              0 COMRAM     4     2      2
 ---------------------------------------------------------------------------------
 (1) _SystemSleep                                          0     0      0       0
 ---------------------------------------------------------------------------------
 (1) _SysTickSetup                                         0     0      0       0
 ---------------------------------------------------------------------------------
 (1) _GpioSetup                                            0     0      0       0
 ---------------------------------------------------------------------------------
 (1) _ClockSetup                                           0     0      0       0
 ---------------------------------------------------------------------------------
 Estimated maximum stack depth 1
 ---------------------------------------------------------------------------------

 Call Graph Graphs:

 _main (ROOT)
   _ClockSetup
   _GpioSetup
   _SysTickSetup
   _SystemSleep
   _TimeXus
   _UserAppInitialize
   _UserAppRun

 Address spaces:
Name               Size   Autos  Total    Cost      Usage
BIGRAM            20FF      0       0      71        0.0%
EEDATA             400      0       0       0        0.0%
BITBANK37          100      0       0      70        0.0%
BANK37             100      0       0      68        0.0%
BITBANK36          100      0       0      66        0.0%
BANK36             100      0       0      67        0.0%
BITBANK35          100      0       0      64        0.0%
BANK35             100      0       0      65        0.0%
BITBANK34          100      0       0      62        0.0%
BANK34             100      0       0      63        0.0%
BITBANK33          100      0       0      60        0.0%
BANK33             100      0       0      61        0.0%
BITBANK32          100      0       0      58        0.0%
BANK32             100      0       0      59        0.0%
BITBANK31          100      0       0      56        0.0%
BANK31             100      0       0      57        0.0%
BITBANK30          100      0       0      54        0.0%
BANK30             100      0       0      55        0.0%
BITBANK29          100      0       0      52        0.0%
BANK29             100      0       0      53        0.0%
BITBANK28          100      0       0      50        0.0%
BANK28             100      0       0      51        0.0%
BITBANK27          100      0       0      48        0.0%
BANK27             100      0       0      49        0.0%
BITBANK26          100      0       0      46        0.0%
BANK26             100      0       0      47        0.0%
BITBANK25          100      0       0      44        0.0%
BANK25             100      0       0      45        0.0%
BITBANK24          100      0       0      42        0.0%
BANK24             100      0       0      43        0.0%
BITBANK23          100      0       0      40        0.0%
BANK23             100      0       0      41        0.0%
BITBANK22          100      0       0      38        0.0%
BANK22             100      0       0      39        0.0%
BITBANK21          100      0       0      36        0.0%
BANK21             100      0       0      37        0.0%
BITBANK20          100      0       0      34        0.0%
BANK20             100      0       0      35        0.0%
BITBANK19          100      0       0      32        0.0%
BANK19             100      0       0      33        0.0%
BITBANK18          100      0       0      30        0.0%
BANK18             100      0       0      31        0.0%
BITBANK17          100      0       0      28        0.0%
BANK17             100      0       0      29        0.0%
BITBANK16          100      0       0      26        0.0%
BANK16             100      0       0      27        0.0%
BITBANK15          100      0       0      24        0.0%
BANK15             100      0       0      25        0.0%
BITBANK14          100      0       0      22        0.0%
BANK14             100      0       0      23        0.0%
BITBANK13          100      0       0      20        0.0%
BANK13             100      0       0      21        0.0%
BITBANK12          100      0       0      18        0.0%
BANK12             100      0       0      19        0.0%
BITBANK11          100      0       0      16        0.0%
BANK11             100      0       0      17        0.0%
BITBANK10          100      0       0      14        0.0%
BANK10             100      0       0      15        0.0%
BITBANK9           100      0       0      12        0.0%
BANK9              100      0       0      13        0.0%
BITBANK8           100      0       0      10        0.0%
BANK8              100      0       0      11        0.0%
BITBANK7           100      0       0       8        0.0%
BANK7              100      0       0       9        0.0%
BITBANK6           100      0       0       6        0.0%
BANK6              100      0     100       7      100.0%
BITBANK5            A0      0       0       4        0.0%
BANK5               A0      0       0       5        0.0%
BITCOMRAM           5F      0       0       0        0.0%
COMRAM              5F      4      12       1       18.9%
BITSFR_5             0      0       0     200        0.0%
SFR_5                0      0       0     200        0.0%
BITSFR_4             0      0       0     200        0.0%
SFR_4                0      0       0     200        0.0%
BITSFR_3             0      0       0     200        0.0%
SFR_3                0      0       0     200        0.0%
BITSFR_2             0      0       0     200        0.0%
SFR_2                0      0       0     200        0.0%
BITSFR_1             0      0       0     200        0.0%
SFR_1                0      0       0     200        0.0%
BITSFR               0      0       0     200        0.0%
SFR                  0      0       0     200        0.0%
STACK                0      0       0       2        0.0%
NULL                 0      0       0       0        0.0%
ABS                  0      0     112      69        0.0%
DATA                 0      0     112       3        0.0%
CODE                 0      0       0       0        0.0%


Microchip Technology PIC18 Macro Assembler V2.31 build 20201012212115 
Symbol Table                                                                                   Mon Mar 29 11:42:39 2021

     __size_of_SysTickSetup 0022                          l21 FE62                          l15 FE04  
                        l24 FE06                          l18 FE28                          l54 FEE4  
                        l81 FE12                          l78 FE84                          l86 FE40  
                        u20 FEF2                          u21 FEEE                         l800 FE64  
                       l802 FE68                         l810 FEC2                         l804 FE7A  
                       l820 FED4                         l812 FEC6                         l822 FED8  
                       l814 FECA                         l806 FEBC                         l824 FEF2  
                       l816 FECE                         l808 FEBE                         l762 FE14  
                       l770 FE3C                         l818 FED2                         l766 FE08  
                       l768 FE2A                         l798 FE42                         wreg 0004E8  
                      _LATA 0004BE                        _PIR3 0004B1                        _main FEBC  
              _SysTickSetup FE42                        fsr1h 0004E2                        indf2 0004DF  
                      fsr1l 0004E1                        fsr2l 0004D9                        start FFFC  
      __size_of_SystemSleep 0002                ___param_bank 000000                  _ClockSetup FE04  
           __end_of_TimeXus FE86                       ?_main 050F                       _TMR0H 000319  
                     _TMR0L 000318                       _TRISA 0004C6                       tablat 0004F5  
           __initialization FE86                __end_of_main FEFC                      ??_main 0513  
             __activetblptr 000000                      _ANSELA 000400                      _T0CON0 00031A  
                    _T0CON1 00031B          __size_of_GpioSetup 0016                   ??_TimeXus 0511  
               ?_ClockSetup 050F                      clear_0 FEB0                      tblptrh 0004F7  
                    tblptrl 0004F6                      tblptru 0004F8                  _UserAppRun FE2A  
          TimeXus@u16Period 050F                  __accesstop 0560     __end_of__initialization FEB6  
             ___rparam_used 000001            _G_u8UserAppFlags 050E              __pcstackCOMRAM 050F  
              __pidataBANK6 FEFC           __end_of_GpioSetup FE2A         __size_of_ClockSetup 0002  
                   _DAC1CON 00007F                 ?_UserAppRun 050F               ??_SystemSleep 050F  
                   __Hparam 0000                     __Lparam 0000                     _TimeXus FE64  
                   __pcinit FE86                     __ramtop 2600                     __ptext0 FEBC  
                   __ptext1 FE2A                     __ptext2 FE08                     __ptext3 FE64  
                   __ptext4 FE06                     __ptext5 FE42                     __ptext6 FE14  
                   __ptext7 FE04        end_of_initialization FEB6            _G_u32SystemFlags 0501  
                   postdec1 0004E5                     postinc0 0004EE         __end_of_SystemSleep FE08  
              ??_ClockSetup 050F         __size_of_UserAppRun 0018          __end_of_ClockSetup FE06  
                 _GpioSetup FE14         start_initialization FE86               ?_SysTickSetup 050F  
               _SystemSleep FE06                 __pdataBANK6 0600                  ?_GpioSetup 050F  
               __pbssCOMRAM 0501           _UserAppInitialize FE08                ??_UserAppRun 050F  
        ?_UserAppInitialize 050F              ??_SysTickSetup 050F         ??_UserAppInitialize 050F  
                  ?_TimeXus 050F          __end_of_UserAppRun FE42                    _DAC1DATL 00007D  
 __end_of_UserAppInitialize FE14           UserAppRun@u8Index 050D                    _PIR3bits 0004B1  
               ??_GpioSetup 050F                   copy_data0 FE9A                    __Hrparam 0000  
                  __Lrparam 0000            __size_of_TimeXus 0022        __end_of_SysTickSetup FE64  
__size_of_UserAppInitialize 000C               __size_of_main 0040                ?_SystemSleep 050F  
        _G_u32SystemTime1ms 0509           _G_u32SystemTime1s 0505         _UserApp_au8sinTable 0600  
