

Microchip MPLAB XC8 Assembler V2.31 build 20201012212115 
                                                                                               Wed Mar 03 22:36:18 2021

Microchip MPLAB XC8 C Compiler v2.31 (Free license) build 20201012212115 Og1 
     1                           	processor	18F27Q43
     2                           	fnconf	rparam,??,?,0
     3                           	pagewidth 120
     4                           	opt	flic
     5                           	psect	idataCOMRAM,global,class=CODE,delta=1,noexec
     6                           	psect	cinit,global,reloc=2,class=CODE,delta=1
     7                           	psect	bssCOMRAM,global,class=COMRAM,space=1,delta=1,lowdata,noexec
     8                           	psect	dataCOMRAM,global,class=COMRAM,space=1,delta=1,lowdata,noexec
     9                           	psect	cstackCOMRAM,global,class=COMRAM,space=1,delta=1,lowdata,noexec
    10                           	psect	text0,global,reloc=2,class=CODE,delta=1
    11                           	psect	text1,global,reloc=2,class=CODE,delta=1
    12                           	psect	text2,global,reloc=2,class=CODE,delta=1
    13                           	psect	text3,global,reloc=2,class=CODE,delta=1
    14                           	psect	text4,global,reloc=2,class=CODE,delta=1
    15                           	psect	text5,global,reloc=2,class=CODE,delta=1
    16                           	psect	text6,global,reloc=2,class=CODE,delta=1
    17                           	psect	text7,global,reloc=2,class=CODE,delta=1
    18                           	psect	intsave_regs,global,class=BIGRAM,space=1,delta=1,noexec
    19                           	psect	rparam,global,class=COMRAM,space=1,delta=1,noexec
    20                           	psect	idloc,global,abs,ovrld,class=IDLOC,space=5,delta=1,noexec
    21                           	psect	config,global,abs,ovrld,class=CONFIG,space=4,delta=1,noexec
    22  0000                     
    23                           ; Version 2.30
    24                           ; Generated 20/08/2020 GMT
    25                           ; 
    26                           ; Copyright © 2020, Microchip Technology Inc. and its subsidiaries ("Microchip")
    27                           ; All rights reserved.
    28                           ; 
    29                           ; This software is developed by Microchip Technology Inc. and its subsidiaries ("Microch
      +                          ip").
    30                           ; 
    31                           ; Redistribution and use in source and binary forms, with or without modification, are
    32                           ; permitted provided that the following conditions are met:
    33                           ; 
    34                           ;     1. Redistributions of source code must retain the above copyright notice, this lis
      +                          t of
    35                           ;        conditions and the following disclaimer.
    36                           ; 
    37                           ;     2. Redistributions in binary form must reproduce the above copyright notice, this 
      +                          list
    38                           ;        of conditions and the following disclaimer in the documentation and/or other
    39                           ;        materials provided with the distribution. Publication is not required when
    40                           ;        this file is used in an embedded application.
    41                           ; 
    42                           ;     3. Microchip's name may not be used to endorse or promote products derived from th
      +                          is
    43                           ;        software without specific prior written permission.
    44                           ; 
    45                           ; THIS SOFTWARE IS PROVIDED BY MICROCHIP "AS IS" AND ANY EXPRESS OR IMPLIED WARRANTIES,
    46                           ; INCLUDING, BUT NOT LIMITED TO, THE IMPLIED WARRANTIES OF MERCHANTABILITY AND FITNESS F
      +                          OR
    47                           ; PURPOSE ARE DISCLAIMED.  IN NO EVENT SHALL MICROCHIP BE LIABLE FOR ANY DIRECT, INDIREC
      +                          T,
    48                           ; INCIDENTAL, SPECIAL, EXEMPLARY, OR CONSEQUENTIAL DAMAGES (INCLUDING BUT NOT LIMITED TO
    49                           ; PROCUREMENT OF SUBSTITUTE GOODS OR SERVICES; LOSS OF USE, DATA OR PROFITS; OR BUSINESS
    50                           ; INTERRUPTION) HOWSOEVER CAUSED AND ON ANY THEORY OF LIABILITY, WHETHER IN CONTRACT, ST
      +                          RICT
    51                           ; LIABILITY, OR TORT (INCLUDING NEGLIGENCE OR OTHERWISE) ARISING IN ANY WAY OUT OF THE U
      +                          SE OF
    52                           ; THIS SOFTWARE, EVEN IF ADVISED OF THE POSSIBILITY OF SUCH DAMAGE.
    53                           ; 
    54                           ; 
    55                           ; Code-generator required, PIC18F27Q43 Definitions
    56                           ; 
    57                           ; SFR Addresses
    58  0000                     
    59                           	psect	idataCOMRAM
    60  01FEFC                     __pidataCOMRAM:
    61                           	callstack 0
    62                           
    63                           ;initializer for UserAppRun@u8Pattern
    64  01FEFC  00                 	db	0
    65  01FEFD  01                 	db	1
    66  01FEFE  02                 	db	2
    67  01FEFF  04                 	db	4
    68  01FF00  08                 	db	8
    69  01FF01  10                 	db	16
    70  01FF02  20                 	db	32
    71  01FF03  21                 	db	33
    72  01FF04  22                 	db	34
    73  01FF05  24                 	db	36
    74  01FF06  28                 	db	40
    75  01FF07  30                 	db	48
    76  01FF08  31                 	db	49
    77  01FF09  32                 	db	50
    78  01FF0A  34                 	db	52
    79  01FF0B  38                 	db	56
    80  01FF0C  39                 	db	57
    81  01FF0D  3A                 	db	58
    82  01FF0E  3C                 	db	60
    83  01FF0F  3D                 	db	61
    84  01FF10  3E                 	db	62
    85  01FF11  3F                 	db	63
    86  0000                     _TMR0L	set	792
    87  0000                     _TMR0H	set	793
    88  0000                     _T0CON0	set	794
    89  0000                     _ANSELA	set	1024
    90  0000                     _PIR3	set	1201
    91  0000                     _LATA	set	1214
    92  0000                     _TRISA	set	1222
    93  0000                     _PORTA	set	1230
    94                           
    95                           ; #config settings
    96                           
    97                           	psect	cinit
    98  01FF56                     __pcinit:
    99                           	callstack 0
   100  01FF56                     start_initialization:
   101                           	callstack 0
   102  01FF56                     __initialization:
   103                           	callstack 0
   104                           
   105                           ; Initialize objects allocated to COMRAM (22 bytes)
   106                           ; load TBLPTR registers with __pidataCOMRAM
   107  01FF56  0EFC               	movlw	low __pidataCOMRAM
   108  01FF58  6EF6               	movwf	tblptrl,c
   109  01FF5A  0EFE               	movlw	high __pidataCOMRAM
   110  01FF5C  6EF7               	movwf	tblptrh,c
   111  01FF5E  0E01               	movlw	low (__pidataCOMRAM shr (0+16))
   112  01FF60  6EF8               	movwf	tblptru,c
   113  01FF62  EE01  F101         	lfsr	0,__pdataCOMRAM
   114  01FF66  EE10 F016          	lfsr	1,22
   115  01FF6A                     copy_data0:
   116  01FF6A  0009               	tblrd		*+
   117  01FF6C  C4F5 F4EE          	movff	tablat,postinc0
   118  01FF70  50E5               	movf	postdec1,w,c
   119  01FF72  50E1               	movf	fsr1l,w,c
   120  01FF74  E1FA               	bnz	copy_data0
   121                           
   122                           ; Clear objects allocated to COMRAM (14 bytes)
   123  01FF76  EE01  F117         	lfsr	0,__pbssCOMRAM
   124  01FF7A  0E0E               	movlw	14
   125  01FF7C                     clear_0:
   126  01FF7C  6AEE               	clrf	postinc0,c
   127  01FF7E  06E8               	decf	wreg,f,c
   128  01FF80  E1FD               	bnz	clear_0
   129  01FF82                     end_of_initialization:
   130                           	callstack 0
   131  01FF82                     __end_of__initialization:
   132                           	callstack 0
   133  01FF82  0100               	movlb	0
   134  01FF84  EFDE  F0FF         	goto	_main	;jump to C main() function
   135                           
   136                           	psect	bssCOMRAM
   137  000517                     __pbssCOMRAM:
   138                           	callstack 0
   139  000517                     _G_u32SystemFlags:
   140                           	callstack 0
   141  000517                     	ds	4
   142  00051B                     _G_u32SystemTime1s:
   143                           	callstack 0
   144  00051B                     	ds	4
   145  00051F                     _G_u32SystemTime1ms:
   146                           	callstack 0
   147  00051F                     	ds	4
   148  000523                     UserAppRun@u8Counter:
   149                           	callstack 0
   150  000523                     	ds	1
   151  000524                     _G_u8UserAppFlags:
   152                           	callstack 0
   153  000524                     	ds	1
   154                           
   155                           	psect	dataCOMRAM
   156  000501                     __pdataCOMRAM:
   157                           	callstack 0
   158  000501                     UserAppRun@u8Pattern:
   159                           	callstack 0
   160  000501                     	ds	22
   161                           
   162                           	psect	cstackCOMRAM
   163  000525                     __pcstackCOMRAM:
   164                           	callstack 0
   165  000525                     ??_UserAppRun:
   166  000525                     TimeXus@u16Period:
   167                           	callstack 0
   168                           
   169                           ; 2 bytes @ 0x0
   170  000525                     	ds	2
   171  000527                     ??_TimeXus:
   172                           
   173                           ; 1 bytes @ 0x2
   174  000527                     	ds	2
   175  000529                     
   176                           ; 1 bytes @ 0x4
   177 ;;
   178 ;;Main: autosize = 0, tempsize = 0, incstack = 0, save=0
   179 ;;
   180 ;; *************** function _main *****************
   181 ;; Defined at:
   182 ;;		line 35 in file "main.c"
   183 ;; Parameters:    Size  Location     Type
   184 ;;		None
   185 ;; Auto vars:     Size  Location     Type
   186 ;;		None
   187 ;; Return value:  Size  Location     Type
   188 ;;                  1    wreg      void 
   189 ;; Registers used:
   190 ;;		wreg, fsr2l, fsr2h, status,2, status,0, cstack
   191 ;; Tracked objects:
   192 ;;		On entry : 0/0
   193 ;;		On exit  : 0/0
   194 ;;		Unchanged: 0/0
   195 ;; Data sizes:     COMRAM   BANK5   BANK6   BANK7   BANK8   BANK9  BANK10  BANK11  BANK12  BANK13  BANK14  BANK15  BANK1
      +6  BANK17  BANK18  BANK19  BANK20  BANK21  BANK22  BANK23  BANK24  BANK25  BANK26  BANK27  BANK28  BANK29  BANK30  BANK3
      +1  BANK32  BANK33  BANK34  BANK35  BANK36  BANK37
   196 ;;      Params:         0       0       0       0       0       0       0       0       0       0       0       0       
      +0       0       0       0       0       0       0       0       0       0       0       0       0       0       0       
      +0       0       0       0       0       0       0
   197 ;;      Locals:         0       0       0       0       0       0       0       0       0       0       0       0       
      +0       0       0       0       0       0       0       0       0       0       0       0       0       0       0       
      +0       0       0       0       0       0       0
   198 ;;      Temps:          0       0       0       0       0       0       0       0       0       0       0       0       
      +0       0       0       0       0       0       0       0       0       0       0       0       0       0       0       
      +0       0       0       0       0       0       0
   199 ;;      Totals:         0       0       0       0       0       0       0       0       0       0       0       0       
      +0       0       0       0       0       0       0       0       0       0       0       0       0       0       0       
      +0       0       0       0       0       0       0
   200 ;;Total ram usage:        0 bytes
   201 ;; Hardware stack levels required when called:    1
   202 ;; This function calls:
   203 ;;		_ClockSetup
   204 ;;		_GpioSetup
   205 ;;		_SysTickSetup
   206 ;;		_SystemSleep
   207 ;;		_TimeXus
   208 ;;		_UserAppInitialize
   209 ;;		_UserAppRun
   210 ;; This function is called by:
   211 ;;		Startup code after reset
   212 ;; This function uses a non-reentrant model
   213 ;;
   214                           
   215                           	psect	text0
   216  01FFBC                     __ptext0:
   217                           	callstack 0
   218  01FFBC                     _main:
   219                           	callstack 127
   220  01FFBC                     
   221                           ;main.c: 37:   G_u32SystemFlags |= (u32)0x80000000;
   222  01FFBC  8E1A               	bsf	(_G_u32SystemFlags+3)^(0+1280),7,c	;volatile
   223  01FFBE                     
   224                           ;main.c: 40:   ClockSetup();
   225  01FFBE  EC6E  F0FF         	call	_ClockSetup	;wreg free
   226  01FFC2                     
   227                           ;main.c: 41:   SysTickSetup();
   228  01FFC2  EC89  F0FF         	call	_SysTickSetup	;wreg free
   229  01FFC6                     
   230                           ;main.c: 42:   GpioSetup();
   231  01FFC6  EC76  F0FF         	call	_GpioSetup	;wreg free
   232  01FFCA                     
   233                           ;main.c: 47:   UserAppInitialize();
   234  01FFCA  EC70  F0FF         	call	_UserAppInitialize	;wreg free
   235  01FFCE                     l818:
   236                           
   237                           ;main.c: 53:   {;main.c: 57:     UserAppRun();
   238  01FFCE  ECC4  F0FF         	call	_UserAppRun	;wreg free
   239  01FFD2                     
   240                           ;main.c: 61:     (LATA &= 0x7F);
   241  01FFD2  9EBE               	bcf	190,7,c	;volatile
   242  01FFD4                     
   243                           ;main.c: 62:     SystemSleep();
   244  01FFD4  EC6F  F0FF         	call	_SystemSleep	;wreg free
   245  01FFD8                     
   246                           ;main.c: 63:     TimeXus(1000);
   247  01FFD8  0E03               	movlw	3
   248  01FFDA  6E26               	movwf	(TimeXus@u16Period+1)^(0+1280),c
   249  01FFDC  0EE8               	movlw	232
   250  01FFDE  6E25               	movwf	TimeXus@u16Period^(0+1280),c
   251  01FFE0  EC9A  F0FF         	call	_TimeXus	;wreg free
   252  01FFE4                     l52:
   253  01FFE4  AEB1               	btfss	177,7,c	;volatile
   254  01FFE6  EFF7  F0FF         	goto	u31
   255  01FFEA  EFF9  F0FF         	goto	u30
   256  01FFEE                     u31:
   257  01FFEE  EFF2  F0FF         	goto	l52
   258  01FFF2                     u30:
   259  01FFF2                     
   260                           ;main.c: 65:     (LATA |= 0x80);
   261  01FFF2  8EBE               	bsf	190,7,c	;volatile
   262  01FFF4  EFE7  F0FF         	goto	l818
   263  01FFF8  EFFE  F0FF         	goto	start
   264  01FFFC                     __end_of_main:
   265                           	callstack 0
   266                           
   267 ;; *************** function _UserAppRun *****************
   268 ;; Defined at:
   269 ;;		line 124 in file "user_app.c"
   270 ;; Parameters:    Size  Location     Type
   271 ;;		None
   272 ;; Auto vars:     Size  Location     Type
   273 ;;		None
   274 ;; Return value:  Size  Location     Type
   275 ;;                  1    wreg      void 
   276 ;; Registers used:
   277 ;;		wreg, fsr2l, fsr2h, status,2, status,0
   278 ;; Tracked objects:
   279 ;;		On entry : 0/0
   280 ;;		On exit  : 0/0
   281 ;;		Unchanged: 0/0
   282 ;; Data sizes:     COMRAM   BANK5   BANK6   BANK7   BANK8   BANK9  BANK10  BANK11  BANK12  BANK13  BANK14  BANK15  BANK1
      +6  BANK17  BANK18  BANK19  BANK20  BANK21  BANK22  BANK23  BANK24  BANK25  BANK26  BANK27  BANK28  BANK29  BANK30  BANK3
      +1  BANK32  BANK33  BANK34  BANK35  BANK36  BANK37
   283 ;;      Params:         0       0       0       0       0       0       0       0       0       0       0       0       
      +0       0       0       0       0       0       0       0       0       0       0       0       0       0       0       
      +0       0       0       0       0       0       0
   284 ;;      Locals:         0       0       0       0       0       0       0       0       0       0       0       0       
      +0       0       0       0       0       0       0       0       0       0       0       0       0       0       0       
      +0       0       0       0       0       0       0
   285 ;;      Temps:          1       0       0       0       0       0       0       0       0       0       0       0       
      +0       0       0       0       0       0       0       0       0       0       0       0       0       0       0       
      +0       0       0       0       0       0       0
   286 ;;      Totals:         1       0       0       0       0       0       0       0       0       0       0       0       
      +0       0       0       0       0       0       0       0       0       0       0       0       0       0       0       
      +0       0       0       0       0       0       0
   287 ;;Total ram usage:        1 bytes
   288 ;; Hardware stack levels used:    1
   289 ;; This function calls:
   290 ;;		Nothing
   291 ;; This function is called by:
   292 ;;		_main
   293 ;; This function uses a non-reentrant model
   294 ;;
   295                           
   296                           	psect	text1
   297  01FF88                     __ptext1:
   298                           	callstack 0
   299  01FF88                     _UserAppRun:
   300                           	callstack 127
   301  01FF88                     
   302                           ;user_app.c: 126:     static u8 u8Pattern[22] = {0x00, 0x01, 0x02, 0x04, 0x08, 0x10, 0x2
      +                          0, 0x21, 0x22, 0x24, 0x28, 0x30, 0x31, 0x32, 0x34, 0x38, 0x39, 0x3A, 0x3C, 0x3D, 0x3E, 0
      +                          x3F};;user_app.c: 127:     static u8 u8Counter = 0;;user_app.c: 129:     if (u8Counter <
      +                           22)
   303  01FF88  0E16               	movlw	22
   304  01FF8A  6023               	cpfslt	UserAppRun@u8Counter^(0+1280),c
   305  01FF8C  EFCA  F0FF         	goto	u11
   306  01FF90  EFCC  F0FF         	goto	u10
   307  01FF94                     u11:
   308  01FF94  EFCF  F0FF         	goto	l770
   309  01FF98                     u10:
   310  01FF98                     
   311                           ;user_app.c: 130:     {;user_app.c: 131:         u8Counter++;
   312  01FF98  2A23               	incf	UserAppRun@u8Counter^(0+1280),f,c
   313                           
   314                           ;user_app.c: 132:     }
   315  01FF9A  EFD1  F0FF         	goto	l772
   316  01FF9E                     l770:
   317                           
   318                           ;user_app.c: 134:     {;user_app.c: 135:         u8Counter = 0;
   319  01FF9E  0E00               	movlw	0
   320  01FFA0  6E23               	movwf	UserAppRun@u8Counter^(0+1280),c
   321  01FFA2                     l772:
   322                           
   323                           ;user_app.c: 138:     LATA = (LATA & 0xC0) | u8Pattern[u8Counter];
   324  01FFA2  0E01               	movlw	low UserAppRun@u8Pattern
   325  01FFA4  2423               	addwf	UserAppRun@u8Counter^(0+1280),w,c
   326  01FFA6  6ED9               	movwf	fsr2l,c
   327  01FFA8  6ADA               	clrf	fsr2h,c
   328  01FFAA  0E05               	movlw	high UserAppRun@u8Pattern
   329  01FFAC  22DA               	addwfc	fsr2h,f,c
   330  01FFAE  50DF               	movf	indf2,w,c
   331  01FFB0  6E25               	movwf	??_UserAppRun^(0+1280),c
   332  01FFB2  50BE               	movf	190,w,c	;volatile
   333  01FFB4  0BC0               	andlw	192
   334  01FFB6  1025               	iorwf	??_UserAppRun^(0+1280),w,c
   335  01FFB8  6EBE               	movwf	190,c	;volatile
   336  01FFBA  0012               	return		;funcret
   337  01FFBC                     __end_of_UserAppRun:
   338                           	callstack 0
   339                           
   340 ;; *************** function _UserAppInitialize *****************
   341 ;; Defined at:
   342 ;;		line 104 in file "user_app.c"
   343 ;; Parameters:    Size  Location     Type
   344 ;;		None
   345 ;; Auto vars:     Size  Location     Type
   346 ;;		None
   347 ;; Return value:  Size  Location     Type
   348 ;;                  1    wreg      void 
   349 ;; Registers used:
   350 ;;		wreg, status,2
   351 ;; Tracked objects:
   352 ;;		On entry : 0/0
   353 ;;		On exit  : 0/0
   354 ;;		Unchanged: 0/0
   355 ;; Data sizes:     COMRAM   BANK5   BANK6   BANK7   BANK8   BANK9  BANK10  BANK11  BANK12  BANK13  BANK14  BANK15  BANK1
      +6  BANK17  BANK18  BANK19  BANK20  BANK21  BANK22  BANK23  BANK24  BANK25  BANK26  BANK27  BANK28  BANK29  BANK30  BANK3
      +1  BANK32  BANK33  BANK34  BANK35  BANK36  BANK37
   356 ;;      Params:         0       0       0       0       0       0       0       0       0       0       0       0       
      +0       0       0       0       0       0       0       0       0       0       0       0       0       0       0       
      +0       0       0       0       0       0       0
   357 ;;      Locals:         0       0       0       0       0       0       0       0       0       0       0       0       
      +0       0       0       0       0       0       0       0       0       0       0       0       0       0       0       
      +0       0       0       0       0       0       0
   358 ;;      Temps:          0       0       0       0       0       0       0       0       0       0       0       0       
      +0       0       0       0       0       0       0       0       0       0       0       0       0       0       0       
      +0       0       0       0       0       0       0
   359 ;;      Totals:         0       0       0       0       0       0       0       0       0       0       0       0       
      +0       0       0       0       0       0       0       0       0       0       0       0       0       0       0       
      +0       0       0       0       0       0       0
   360 ;;Total ram usage:        0 bytes
   361 ;; Hardware stack levels used:    1
   362 ;; This function calls:
   363 ;;		Nothing
   364 ;; This function is called by:
   365 ;;		_main
   366 ;; This function uses a non-reentrant model
   367 ;;
   368                           
   369                           	psect	text2
   370  01FEE0                     __ptext2:
   371                           	callstack 0
   372  01FEE0                     _UserAppInitialize:
   373                           	callstack 127
   374  01FEE0                     
   375                           ;user_app.c: 106:     T0CON0 = 0x90;
   376  01FEE0  0E90               	movlw	144
   377  01FEE2  0103               	movlb	3	; () banked
   378  01FEE4  6F1A               	movwf	26,b	;volatile
   379                           
   380                           ;user_app.c: 107:     T0CON0 = 0x54;
   381  01FEE6  0E54               	movlw	84
   382  01FEE8  6F1A               	movwf	26,b	;volatile
   383  01FEEA                     
   384                           ; BSR set to: 3
   385  01FEEA  0012               	return		;funcret
   386  01FEEC                     __end_of_UserAppInitialize:
   387                           	callstack 0
   388                           
   389 ;; *************** function _TimeXus *****************
   390 ;; Defined at:
   391 ;;		line 63 in file "user_app.c"
   392 ;; Parameters:    Size  Location     Type
   393 ;;  u16Period       2    0[COMRAM] unsigned short 
   394 ;; Auto vars:     Size  Location     Type
   395 ;;		None
   396 ;; Return value:  Size  Location     Type
   397 ;;                  1    wreg      void 
   398 ;; Registers used:
   399 ;;		wreg, status,2, status,0
   400 ;; Tracked objects:
   401 ;;		On entry : 0/0
   402 ;;		On exit  : 0/0
   403 ;;		Unchanged: 0/0
   404 ;; Data sizes:     COMRAM   BANK5   BANK6   BANK7   BANK8   BANK9  BANK10  BANK11  BANK12  BANK13  BANK14  BANK15  BANK1
      +6  BANK17  BANK18  BANK19  BANK20  BANK21  BANK22  BANK23  BANK24  BANK25  BANK26  BANK27  BANK28  BANK29  BANK30  BANK3
      +1  BANK32  BANK33  BANK34  BANK35  BANK36  BANK37
   405 ;;      Params:         2       0       0       0       0       0       0       0       0       0       0       0       
      +0       0       0       0       0       0       0       0       0       0       0       0       0       0       0       
      +0       0       0       0       0       0       0
   406 ;;      Locals:         0       0       0       0       0       0       0       0       0       0       0       0       
      +0       0       0       0       0       0       0       0       0       0       0       0       0       0       0       
      +0       0       0       0       0       0       0
   407 ;;      Temps:          2       0       0       0       0       0       0       0       0       0       0       0       
      +0       0       0       0       0       0       0       0       0       0       0       0       0       0       0       
      +0       0       0       0       0       0       0
   408 ;;      Totals:         4       0       0       0       0       0       0       0       0       0       0       0       
      +0       0       0       0       0       0       0       0       0       0       0       0       0       0       0       
      +0       0       0       0       0       0       0
   409 ;;Total ram usage:        4 bytes
   410 ;; Hardware stack levels used:    1
   411 ;; This function calls:
   412 ;;		Nothing
   413 ;; This function is called by:
   414 ;;		_main
   415 ;; This function uses a non-reentrant model
   416 ;;
   417                           
   418                           	psect	text3
   419  01FF34                     __ptext3:
   420                           	callstack 0
   421  01FF34                     _TimeXus:
   422                           	callstack 127
   423  01FF34                     
   424                           ;user_app.c: 63:  void TimeXus(u16 u16Period);user_app.c: 64:  {;user_app.c: 69:      T0
      +                          CON0 &= 0x7F;
   425  01FF34  0103               	movlb	3	; () banked
   426  01FF36  9F1A               	bcf	26,7,b	;volatile
   427  01FF38                     
   428                           ; BSR set to: 3
   429                           ;user_app.c: 72:      TMR0H = (u8)((0xFFFF - u16Period) >> 8);
   430  01FF38  1C25               	comf	TimeXus@u16Period^(0+1280),w,c
   431  01FF3A  6E27               	movwf	??_TimeXus^(0+1280),c
   432  01FF3C  1C26               	comf	(TimeXus@u16Period+1)^(0+1280),w,c
   433  01FF3E  6E28               	movwf	(??_TimeXus+1)^(0+1280),c
   434  01FF40  C528  F527         	movff	??_TimeXus+1,??_TimeXus
   435  01FF44  6A28               	clrf	(??_TimeXus+1)^(0+1280),c
   436  01FF46  5027               	movf	??_TimeXus^(0+1280),w,c
   437  01FF48  6F19               	movwf	25,b	;volatile
   438  01FF4A                     
   439                           ; BSR set to: 3
   440                           ;user_app.c: 73:      TMR0L = (u8)(0xFFFF - u16Period);
   441  01FF4A  5025               	movf	TimeXus@u16Period^(0+1280),w,c
   442  01FF4C  0AFF               	xorlw	255
   443  01FF4E  6F18               	movwf	24,b	;volatile
   444                           
   445                           ;user_app.c: 76:      PIR3 &= 0x7F;
   446  01FF50  9EB1               	bcf	177,7,c	;volatile
   447                           
   448                           ;user_app.c: 77:      T0CON0 |= 0x80;
   449  01FF52  8F1A               	bsf	26,7,b	;volatile
   450  01FF54                     
   451                           ; BSR set to: 3
   452  01FF54  0012               	return		;funcret
   453  01FF56                     __end_of_TimeXus:
   454                           	callstack 0
   455                           
   456 ;; *************** function _SystemSleep *****************
   457 ;; Defined at:
   458 ;;		line 132 in file "encm369_pic18.c"
   459 ;; Parameters:    Size  Location     Type
   460 ;;		None
   461 ;; Auto vars:     Size  Location     Type
   462 ;;		None
   463 ;; Return value:  Size  Location     Type
   464 ;;                  1    wreg      void 
   465 ;; Registers used:
   466 ;;		None
   467 ;; Tracked objects:
   468 ;;		On entry : 0/0
   469 ;;		On exit  : 0/0
   470 ;;		Unchanged: 0/0
   471 ;; Data sizes:     COMRAM   BANK5   BANK6   BANK7   BANK8   BANK9  BANK10  BANK11  BANK12  BANK13  BANK14  BANK15  BANK1
      +6  BANK17  BANK18  BANK19  BANK20  BANK21  BANK22  BANK23  BANK24  BANK25  BANK26  BANK27  BANK28  BANK29  BANK30  BANK3
      +1  BANK32  BANK33  BANK34  BANK35  BANK36  BANK37
   472 ;;      Params:         0       0       0       0       0       0       0       0       0       0       0       0       
      +0       0       0       0       0       0       0       0       0       0       0       0       0       0       0       
      +0       0       0       0       0       0       0
   473 ;;      Locals:         0       0       0       0       0       0       0       0       0       0       0       0       
      +0       0       0       0       0       0       0       0       0       0       0       0       0       0       0       
      +0       0       0       0       0       0       0
   474 ;;      Temps:          0       0       0       0       0       0       0       0       0       0       0       0       
      +0       0       0       0       0       0       0       0       0       0       0       0       0       0       0       
      +0       0       0       0       0       0       0
   475 ;;      Totals:         0       0       0       0       0       0       0       0       0       0       0       0       
      +0       0       0       0       0       0       0       0       0       0       0       0       0       0       0       
      +0       0       0       0       0       0       0
   476 ;;Total ram usage:        0 bytes
   477 ;; Hardware stack levels used:    1
   478 ;; This function calls:
   479 ;;		Nothing
   480 ;; This function is called by:
   481 ;;		_main
   482 ;; This function uses a non-reentrant model
   483 ;;
   484                           
   485                           	psect	text4
   486  01FEDE                     __ptext4:
   487                           	callstack 0
   488  01FEDE                     _SystemSleep:
   489                           	callstack 127
   490  01FEDE  0012               	return		;funcret
   491  01FEE0                     __end_of_SystemSleep:
   492                           	callstack 0
   493                           
   494 ;; *************** function _SysTickSetup *****************
   495 ;; Defined at:
   496 ;;		line 110 in file "encm369_pic18.c"
   497 ;; Parameters:    Size  Location     Type
   498 ;;		None
   499 ;; Auto vars:     Size  Location     Type
   500 ;;		None
   501 ;; Return value:  Size  Location     Type
   502 ;;                  1    wreg      void 
   503 ;; Registers used:
   504 ;;		wreg, status,2
   505 ;; Tracked objects:
   506 ;;		On entry : 0/0
   507 ;;		On exit  : 0/0
   508 ;;		Unchanged: 0/0
   509 ;; Data sizes:     COMRAM   BANK5   BANK6   BANK7   BANK8   BANK9  BANK10  BANK11  BANK12  BANK13  BANK14  BANK15  BANK1
      +6  BANK17  BANK18  BANK19  BANK20  BANK21  BANK22  BANK23  BANK24  BANK25  BANK26  BANK27  BANK28  BANK29  BANK30  BANK3
      +1  BANK32  BANK33  BANK34  BANK35  BANK36  BANK37
   510 ;;      Params:         0       0       0       0       0       0       0       0       0       0       0       0       
      +0       0       0       0       0       0       0       0       0       0       0       0       0       0       0       
      +0       0       0       0       0       0       0
   511 ;;      Locals:         0       0       0       0       0       0       0       0       0       0       0       0       
      +0       0       0       0       0       0       0       0       0       0       0       0       0       0       0       
      +0       0       0       0       0       0       0
   512 ;;      Temps:          0       0       0       0       0       0       0       0       0       0       0       0       
      +0       0       0       0       0       0       0       0       0       0       0       0       0       0       0       
      +0       0       0       0       0       0       0
   513 ;;      Totals:         0       0       0       0       0       0       0       0       0       0       0       0       
      +0       0       0       0       0       0       0       0       0       0       0       0       0       0       0       
      +0       0       0       0       0       0       0
   514 ;;Total ram usage:        0 bytes
   515 ;; Hardware stack levels used:    1
   516 ;; This function calls:
   517 ;;		Nothing
   518 ;; This function is called by:
   519 ;;		_main
   520 ;; This function uses a non-reentrant model
   521 ;;
   522                           
   523                           	psect	text5
   524  01FF12                     __ptext5:
   525                           	callstack 0
   526  01FF12                     _SysTickSetup:
   527                           	callstack 127
   528  01FF12                     
   529                           ;encm369_pic18.c: 112:   G_u32SystemTime1ms = 0;
   530  01FF12  0E00               	movlw	0
   531  01FF14  6E1F               	movwf	_G_u32SystemTime1ms^(0+1280),c	;volatile
   532  01FF16  0E00               	movlw	0
   533  01FF18  6E20               	movwf	(_G_u32SystemTime1ms+1)^(0+1280),c	;volatile
   534  01FF1A  0E00               	movlw	0
   535  01FF1C  6E21               	movwf	(_G_u32SystemTime1ms+2)^(0+1280),c	;volatile
   536  01FF1E  0E00               	movlw	0
   537  01FF20  6E22               	movwf	(_G_u32SystemTime1ms+3)^(0+1280),c	;volatile
   538                           
   539                           ;encm369_pic18.c: 113:   G_u32SystemTime1s = 0;
   540  01FF22  0E00               	movlw	0
   541  01FF24  6E1B               	movwf	_G_u32SystemTime1s^(0+1280),c	;volatile
   542  01FF26  0E00               	movlw	0
   543  01FF28  6E1C               	movwf	(_G_u32SystemTime1s+1)^(0+1280),c	;volatile
   544  01FF2A  0E00               	movlw	0
   545  01FF2C  6E1D               	movwf	(_G_u32SystemTime1s+2)^(0+1280),c	;volatile
   546  01FF2E  0E00               	movlw	0
   547  01FF30  6E1E               	movwf	(_G_u32SystemTime1s+3)^(0+1280),c	;volatile
   548  01FF32  0012               	return		;funcret
   549  01FF34                     __end_of_SysTickSetup:
   550                           	callstack 0
   551                           
   552 ;; *************** function _GpioSetup *****************
   553 ;; Defined at:
   554 ;;		line 89 in file "encm369_pic18.c"
   555 ;; Parameters:    Size  Location     Type
   556 ;;		None
   557 ;; Auto vars:     Size  Location     Type
   558 ;;		None
   559 ;; Return value:  Size  Location     Type
   560 ;;                  1    wreg      void 
   561 ;; Registers used:
   562 ;;		wreg, status,2
   563 ;; Tracked objects:
   564 ;;		On entry : 0/0
   565 ;;		On exit  : 0/0
   566 ;;		Unchanged: 0/0
   567 ;; Data sizes:     COMRAM   BANK5   BANK6   BANK7   BANK8   BANK9  BANK10  BANK11  BANK12  BANK13  BANK14  BANK15  BANK1
      +6  BANK17  BANK18  BANK19  BANK20  BANK21  BANK22  BANK23  BANK24  BANK25  BANK26  BANK27  BANK28  BANK29  BANK30  BANK3
      +1  BANK32  BANK33  BANK34  BANK35  BANK36  BANK37
   568 ;;      Params:         0       0       0       0       0       0       0       0       0       0       0       0       
      +0       0       0       0       0       0       0       0       0       0       0       0       0       0       0       
      +0       0       0       0       0       0       0
   569 ;;      Locals:         0       0       0       0       0       0       0       0       0       0       0       0       
      +0       0       0       0       0       0       0       0       0       0       0       0       0       0       0       
      +0       0       0       0       0       0       0
   570 ;;      Temps:          0       0       0       0       0       0       0       0       0       0       0       0       
      +0       0       0       0       0       0       0       0       0       0       0       0       0       0       0       
      +0       0       0       0       0       0       0
   571 ;;      Totals:         0       0       0       0       0       0       0       0       0       0       0       0       
      +0       0       0       0       0       0       0       0       0       0       0       0       0       0       0       
      +0       0       0       0       0       0       0
   572 ;;Total ram usage:        0 bytes
   573 ;; Hardware stack levels used:    1
   574 ;; This function calls:
   575 ;;		Nothing
   576 ;; This function is called by:
   577 ;;		_main
   578 ;; This function uses a non-reentrant model
   579 ;;
   580                           
   581                           	psect	text6
   582  01FEEC                     __ptext6:
   583                           	callstack 0
   584  01FEEC                     _GpioSetup:
   585                           	callstack 127
   586  01FEEC                     
   587                           ;encm369_pic18.c: 91:     PORTA = 0xC0;
   588  01FEEC  0EC0               	movlw	192
   589  01FEEE  6ECE               	movwf	206,c	;volatile
   590                           
   591                           ;encm369_pic18.c: 92:     TRISA = 0x00;
   592  01FEF0  0E00               	movlw	0
   593  01FEF2  6EC6               	movwf	198,c	;volatile
   594                           
   595                           ;encm369_pic18.c: 93:     ANSELA = 0x00;
   596  01FEF4  0E00               	movlw	0
   597  01FEF6  0104               	movlb	4	; () banked
   598  01FEF8  6F00               	movwf	0,b	;volatile
   599  01FEFA                     
   600                           ; BSR set to: 4
   601  01FEFA  0012               	return		;funcret
   602  01FEFC                     __end_of_GpioSetup:
   603                           	callstack 0
   604                           
   605 ;; *************** function _ClockSetup *****************
   606 ;; Defined at:
   607 ;;		line 70 in file "encm369_pic18.c"
   608 ;; Parameters:    Size  Location     Type
   609 ;;		None
   610 ;; Auto vars:     Size  Location     Type
   611 ;;		None
   612 ;; Return value:  Size  Location     Type
   613 ;;                  1    wreg      void 
   614 ;; Registers used:
   615 ;;		None
   616 ;; Tracked objects:
   617 ;;		On entry : 0/0
   618 ;;		On exit  : 0/0
   619 ;;		Unchanged: 0/0
   620 ;; Data sizes:     COMRAM   BANK5   BANK6   BANK7   BANK8   BANK9  BANK10  BANK11  BANK12  BANK13  BANK14  BANK15  BANK1
      +6  BANK17  BANK18  BANK19  BANK20  BANK21  BANK22  BANK23  BANK24  BANK25  BANK26  BANK27  BANK28  BANK29  BANK30  BANK3
      +1  BANK32  BANK33  BANK34  BANK35  BANK36  BANK37
   621 ;;      Params:         0       0       0       0       0       0       0       0       0       0       0       0       
      +0       0       0       0       0       0       0       0       0       0       0       0       0       0       0       
      +0       0       0       0       0       0       0
   622 ;;      Locals:         0       0       0       0       0       0       0       0       0       0       0       0       
      +0       0       0       0       0       0       0       0       0       0       0       0       0       0       0       
      +0       0       0       0       0       0       0
   623 ;;      Temps:          0       0       0       0       0       0       0       0       0       0       0       0       
      +0       0       0       0       0       0       0       0       0       0       0       0       0       0       0       
      +0       0       0       0       0       0       0
   624 ;;      Totals:         0       0       0       0       0       0       0       0       0       0       0       0       
      +0       0       0       0       0       0       0       0       0       0       0       0       0       0       0       
      +0       0       0       0       0       0       0
   625 ;;Total ram usage:        0 bytes
   626 ;; Hardware stack levels used:    1
   627 ;; This function calls:
   628 ;;		Nothing
   629 ;; This function is called by:
   630 ;;		_main
   631 ;; This function uses a non-reentrant model
   632 ;;
   633                           
   634                           	psect	text7
   635  01FEDC                     __ptext7:
   636                           	callstack 0
   637  01FEDC                     _ClockSetup:
   638                           	callstack 127
   639  01FEDC  0012               	return		;funcret
   640  01FEDE                     __end_of_ClockSetup:
   641                           	callstack 0
   642  0000                     
   643                           	psect	rparam
   644  0000                     
   645                           	psect	idloc
   646                           
   647                           ;Config register IDLOC0 @ 0x200000
   648                           ;	unspecified, using default values
   649  200000                     	org	2097152
   650  200000  0FFF               	dw	4095
   651                           
   652                           ;Config register IDLOC1 @ 0x200002
   653                           ;	unspecified, using default values
   654  200002                     	org	2097154
   655  200002  0FFF               	dw	4095
   656                           
   657                           ;Config register IDLOC2 @ 0x200004
   658                           ;	unspecified, using default values
   659  200004                     	org	2097156
   660  200004  0FFF               	dw	4095
   661                           
   662                           ;Config register IDLOC3 @ 0x200006
   663                           ;	unspecified, using default values
   664  200006                     	org	2097158
   665  200006  0FFF               	dw	4095
   666                           
   667                           ;Config register IDLOC4 @ 0x200008
   668                           ;	unspecified, using default values
   669  200008                     	org	2097160
   670  200008  0FFF               	dw	4095
   671                           
   672                           ;Config register IDLOC5 @ 0x20000A
   673                           ;	unspecified, using default values
   674  20000A                     	org	2097162
   675  20000A  0FFF               	dw	4095
   676                           
   677                           ;Config register IDLOC6 @ 0x20000C
   678                           ;	unspecified, using default values
   679  20000C                     	org	2097164
   680  20000C  0FFF               	dw	4095
   681                           
   682                           ;Config register IDLOC7 @ 0x20000E
   683                           ;	unspecified, using default values
   684  20000E                     	org	2097166
   685  20000E  0FFF               	dw	4095
   686                           
   687                           ;Config register IDLOC8 @ 0x200010
   688                           ;	unspecified, using default values
   689  200010                     	org	2097168
   690  200010  0FFF               	dw	4095
   691                           
   692                           ;Config register IDLOC9 @ 0x200012
   693                           ;	unspecified, using default values
   694  200012                     	org	2097170
   695  200012  0FFF               	dw	4095
   696                           
   697                           ;Config register IDLOC10 @ 0x200014
   698                           ;	unspecified, using default values
   699  200014                     	org	2097172
   700  200014  0FFF               	dw	4095
   701                           
   702                           ;Config register IDLOC11 @ 0x200016
   703                           ;	unspecified, using default values
   704  200016                     	org	2097174
   705  200016  0FFF               	dw	4095
   706                           
   707                           ;Config register IDLOC12 @ 0x200018
   708                           ;	unspecified, using default values
   709  200018                     	org	2097176
   710  200018  0FFF               	dw	4095
   711                           
   712                           ;Config register IDLOC13 @ 0x20001A
   713                           ;	unspecified, using default values
   714  20001A                     	org	2097178
   715  20001A  0FFF               	dw	4095
   716                           
   717                           ;Config register IDLOC14 @ 0x20001C
   718                           ;	unspecified, using default values
   719  20001C                     	org	2097180
   720  20001C  0FFF               	dw	4095
   721                           
   722                           ;Config register IDLOC15 @ 0x20001E
   723                           ;	unspecified, using default values
   724  20001E                     	org	2097182
   725  20001E  0FFF               	dw	4095
   726                           
   727                           	psect	config
   728                           
   729                           ;Config register CONFIG1 @ 0x300000
   730                           ;	External Oscillator Selection
   731                           ;	FEXTOSC = OFF, Oscillator not enabled
   732                           ;	Reset Oscillator Selection
   733                           ;	RSTOSC = HFINTOSC_64MHZ, HFINTOSC with HFFRQ = 64 MHz and CDIV = 1:1
   734  300000                     	org	3145728
   735  300000  8C                 	db	140
   736                           
   737                           ;Config register CONFIG2 @ 0x300001
   738                           ;	Clock out Enable bit
   739                           ;	CLKOUTEN = ON, CLKOUT function is enabled
   740                           ;	PRLOCKED One-Way Set Enable bit
   741                           ;	PR1WAY = ON, PRLOCKED bit can be cleared and set only once
   742                           ;	Clock Switch Enable bit
   743                           ;	CSWEN = ON, Writing to NOSC and NDIV is allowed
   744                           ;	Fail-Safe Clock Monitor Enable bit
   745                           ;	FCMEN = ON, Fail-Safe Clock Monitor enabled
   746  300001                     	org	3145729
   747  300001  FE                 	db	254
   748                           
   749                           ;Config register CONFIG3 @ 0x300002
   750                           ;	MCLR Enable bit
   751                           ;	MCLRE = EXTMCLR, If LVP = 0, MCLR pin is MCLR; If LVP = 1, RE3 pin function is MCLR
   752                           ;	Power-up timer selection bits
   753                           ;	PWRTS = PWRT_OFF, PWRT is disabled
   754                           ;	Multi-vector enable bit
   755                           ;	MVECEN = ON, Multi-vector enabled, Vector table used for interrupts
   756                           ;	IVTLOCK bit One-way set enable bit
   757                           ;	IVT1WAY = ON, IVTLOCKED bit can be cleared and set only once
   758                           ;	Low Power BOR Enable bit
   759                           ;	LPBOREN = OFF, Low-Power BOR disabled
   760                           ;	Brown-out Reset Enable bits
   761                           ;	BOREN = SBORDIS, Brown-out Reset enabled , SBOREN bit is ignored
   762  300002                     	org	3145730
   763  300002  FF                 	db	255
   764                           
   765                           ;Config register CONFIG4 @ 0x300003
   766                           ;	Brown-out Reset Voltage Selection bits
   767                           ;	BORV = VBOR_2P85, Brown-out Reset Voltage (VBOR) set to 2.8V
   768                           ;	ZCD Disable bit
   769                           ;	ZCD = OFF, ZCD module is disabled. ZCD can be enabled by setting the ZCDSEN bit of ZCD
      +                          CON
   770                           ;	PPSLOCK bit One-Way Set Enable bit
   771                           ;	PPS1WAY = ON, PPSLOCKED bit can be cleared and set only once; PPS registers remain loc
      +                          ked after one clear/set cycle
   772                           ;	Stack Full/Underflow Reset Enable bit
   773                           ;	STVREN = ON, Stack full/underflow will cause Reset
   774                           ;	Low Voltage Programming Enable bit
   775                           ;	LVP = ON, Low voltage programming enabled. MCLR/VPP pin function is MCLR. MCLRE config
      +                          uration bit is ignored
   776                           ;	Extended Instruction Set Enable bit
   777                           ;	XINST = OFF, Extended Instruction Set and Indexed Addressing Mode disabled
   778  300003                     	org	3145731
   779  300003  FC                 	db	252
   780                           
   781                           ;Config register CONFIG5 @ 0x300004
   782                           ;	WDT Period selection bits
   783                           ;	WDTCPS = WDTCPS_31, Divider ratio 1:65536; software control of WDTPS
   784                           ;	WDT operating mode
   785                           ;	WDTE = OFF, WDT Disabled; SWDTEN is ignored
   786  300004                     	org	3145732
   787  300004  9F                 	db	159
   788                           
   789                           ;Config register CONFIG6 @ 0x300005
   790                           ;	WDT Window Select bits
   791                           ;	WDTCWS = WDTCWS_7, window always open (100%); software control; keyed access not requi
      +                          red
   792                           ;	WDT input clock selector
   793                           ;	WDTCCS = SC, Software Control
   794  300005                     	org	3145733
   795  300005  FF                 	db	255
   796                           
   797                           ;Config register CONFIG7 @ 0x300006
   798                           ;	Boot Block Size selection bits
   799                           ;	BBSIZE = BBSIZE_512, Boot Block size is 512 words
   800                           ;	Boot Block enable bit
   801                           ;	BBEN = OFF, Boot block disabled
   802                           ;	Storage Area Flash enable bit
   803                           ;	SAFEN = OFF, SAF disabled
   804                           ;	Background Debugger
   805                           ;	DEBUG = OFF, Background Debugger disabled
   806  300006                     	org	3145734
   807  300006  FF                 	db	255
   808                           
   809                           ;Config register CONFIG8 @ 0x300007
   810                           ;	Boot Block Write Protection bit
   811                           ;	WRTB = OFF, Boot Block not Write protected
   812                           ;	Configuration Register Write Protection bit
   813                           ;	WRTC = OFF, Configuration registers not Write protected
   814                           ;	Data EEPROM Write Protection bit
   815                           ;	WRTD = OFF, Data EEPROM not Write protected
   816                           ;	SAF Write protection bit
   817                           ;	WRTSAF = OFF, SAF not Write Protected
   818                           ;	Application Block write protection bit
   819                           ;	WRTAPP = OFF, Application Block not write protected
   820  300007                     	org	3145735
   821  300007  FF                 	db	255
   822                           
   823                           ; Padding undefined space
   824  300008                     	org	3145736
   825  300008  FF                 	db	255
   826                           
   827                           ;Config register CONFIG10 @ 0x300009
   828                           ;	PFM and Data EEPROM Code Protection bit
   829                           ;	CP = OFF, PFM and Data EEPROM code protection disabled
   830  300009                     	org	3145737
   831  300009  FF                 	db	255
   832                           tosu	equ	0x4FF
   833                           tosh	equ	0x4FE
   834                           tosl	equ	0x4FD
   835                           stkptr	equ	0x4FC
   836                           pclatu	equ	0x4FB
   837                           pclath	equ	0x4FA
   838                           pcl	equ	0x4F9
   839                           tblptru	equ	0x4F8
   840                           tblptrh	equ	0x4F7
   841                           tblptrl	equ	0x4F6
   842                           tablat	equ	0x4F5
   843                           prodh	equ	0x4F4
   844                           prodl	equ	0x4F3
   845                           indf0	equ	0x4EF
   846                           postinc0	equ	0x4EE
   847                           postdec0	equ	0x4ED
   848                           preinc0	equ	0x4EC
   849                           plusw0	equ	0x4EB
   850                           fsr0h	equ	0x4EA
   851                           fsr0l	equ	0x4E9
   852                           wreg	equ	0x4E8
   853                           indf1	equ	0x4E7
   854                           postinc1	equ	0x4E6
   855                           postdec1	equ	0x4E5
   856                           preinc1	equ	0x4E4
   857                           plusw1	equ	0x4E3
   858                           fsr1h	equ	0x4E2
   859                           fsr1l	equ	0x4E1
   860                           bsr	equ	0x4E0
   861                           indf2	equ	0x4DF
   862                           postinc2	equ	0x4DE
   863                           postdec2	equ	0x4DD
   864                           preinc2	equ	0x4DC
   865                           plusw2	equ	0x4DB
   866                           fsr2h	equ	0x4DA
   867                           fsr2l	equ	0x4D9
   868                           status	equ	0x4D8

Data Sizes:
    Strings     0
    Constant    0
    Data        22
    BSS         14
    Persistent  0
    Stack       0

Auto Spaces:
    Space          Size  Autos    Used
    COMRAM           95      4      40
    BANK5           160      0       0
    BANK6           256      0       0
    BANK7           256      0       0
    BANK8           256      0       0
    BANK9           256      0       0
    BANK10          256      0       0
    BANK11          256      0       0
    BANK12          256      0       0
    BANK13          256      0       0
    BANK14          256      0       0
    BANK15          256      0       0
    BANK16          256      0       0
    BANK17          256      0       0
    BANK18          256      0       0
    BANK19          256      0       0
    BANK20          256      0       0
    BANK21          256      0       0
    BANK22          256      0       0
    BANK23          256      0       0
    BANK24          256      0       0
    BANK25          256      0       0
    BANK26          256      0       0
    BANK27          256      0       0
    BANK28          256      0       0
    BANK29          256      0       0
    BANK30          256      0       0
    BANK31          256      0       0
    BANK32          256      0       0
    BANK33          256      0       0
    BANK34          256      0       0
    BANK35          256      0       0
    BANK36          256      0       0
    BANK37          256      0       0

Pointer List with Targets:

    None.

Critical Paths under _main in COMRAM

    _main->_TimeXus

Critical Paths under _main in BANK5

    None.

Critical Paths under _main in BANK6

    None.

Critical Paths under _main in BANK7

    None.

Critical Paths under _main in BANK8

    None.

Critical Paths under _main in BANK9

    None.

Critical Paths under _main in BANK10

    None.

Critical Paths under _main in BANK11

    None.

Critical Paths under _main in BANK12

    None.

Critical Paths under _main in BANK13

    None.

Critical Paths under _main in BANK14

    None.

Critical Paths under _main in BANK15

    None.

Critical Paths under _main in BANK16

    None.

Critical Paths under _main in BANK17

    None.

Critical Paths under _main in BANK18

    None.

Critical Paths under _main in BANK19

    None.

Critical Paths under _main in BANK20

    None.

Critical Paths under _main in BANK21

    None.

Critical Paths under _main in BANK22

    None.

Critical Paths under _main in BANK23

    None.

Critical Paths under _main in BANK24

    None.

Critical Paths under _main in BANK25

    None.

Critical Paths under _main in BANK26

    None.

Critical Paths under _main in BANK27

    None.

Critical Paths under _main in BANK28

    None.

Critical Paths under _main in BANK29

    None.

Critical Paths under _main in BANK30

    None.

Critical Paths under _main in BANK31

    None.

Critical Paths under _main in BANK32

    None.

Critical Paths under _main in BANK33

    None.

Critical Paths under _main in BANK34

    None.

Critical Paths under _main in BANK35

    None.

Critical Paths under _main in BANK36

    None.

Critical Paths under _main in BANK37

    None.

Call Graph Tables:

 ---------------------------------------------------------------------------------
 (Depth) Function   	        Calls       Base Space   Used Autos Params    Refs
 ---------------------------------------------------------------------------------
 (0) _main                                                 0     0      0     120
                         _ClockSetup
                          _GpioSetup
                       _SysTickSetup
                        _SystemSleep
                            _TimeXus
                  _UserAppInitialize
                         _UserAppRun
 ---------------------------------------------------------------------------------
 (1) _UserAppRun                                           1     1      0       0
                                              0 COMRAM     1     1      0
 ---------------------------------------------------------------------------------
 (1) _UserAppInitialize                                    0     0      0       0
 ---------------------------------------------------------------------------------
 (1) _TimeXus                                              4     2      2     120
                                              0 COMRAM     4     2      2
 ---------------------------------------------------------------------------------
 (1) _SystemSleep                                          0     0      0       0
 ---------------------------------------------------------------------------------
 (1) _SysTickSetup                                         0     0      0       0
 ---------------------------------------------------------------------------------
 (1) _GpioSetup                                            0     0      0       0
 ---------------------------------------------------------------------------------
 (1) _ClockSetup                                           0     0      0       0
 ---------------------------------------------------------------------------------
 Estimated maximum stack depth 1
 ---------------------------------------------------------------------------------

 Call Graph Graphs:

 _main (ROOT)
   _ClockSetup
   _GpioSetup
   _SysTickSetup
   _SystemSleep
   _TimeXus
   _UserAppInitialize
   _UserAppRun

 Address spaces:
Name               Size   Autos  Total    Cost      Usage
BIGRAM            20FF      0       0      71        0.0%
EEDATA             400      0       0       0        0.0%
BITBANK37          100      0       0      70        0.0%
BANK37             100      0       0      68        0.0%
BITBANK36          100      0       0      66        0.0%
BANK36             100      0       0      67        0.0%
BITBANK35          100      0       0      64        0.0%
BANK35             100      0       0      65        0.0%
BITBANK34          100      0       0      62        0.0%
BANK34             100      0       0      63        0.0%
BITBANK33          100      0       0      60        0.0%
BANK33             100      0       0      61        0.0%
BITBANK32          100      0       0      58        0.0%
BANK32             100      0       0      59        0.0%
BITBANK31          100      0       0      56        0.0%
BANK31             100      0       0      57        0.0%
BITBANK30          100      0       0      54        0.0%
BANK30             100      0       0      55        0.0%
BITBANK29          100      0       0      52        0.0%
BANK29             100      0       0      53        0.0%
BITBANK28          100      0       0      50        0.0%
BANK28             100      0       0      51        0.0%
BITBANK27          100      0       0      48        0.0%
BANK27             100      0       0      49        0.0%
BITBANK26          100      0       0      46        0.0%
BANK26             100      0       0      47        0.0%
BITBANK25          100      0       0      44        0.0%
BANK25             100      0       0      45        0.0%
BITBANK24          100      0       0      42        0.0%
BANK24             100      0       0      43        0.0%
BITBANK23          100      0       0      40        0.0%
BANK23             100      0       0      41        0.0%
BITBANK22          100      0       0      38        0.0%
BANK22             100      0       0      39        0.0%
BITBANK21          100      0       0      36        0.0%
BANK21             100      0       0      37        0.0%
BITBANK20          100      0       0      34        0.0%
BANK20             100      0       0      35        0.0%
BITBANK19          100      0       0      32        0.0%
BANK19             100      0       0      33        0.0%
BITBANK18          100      0       0      30        0.0%
BANK18             100      0       0      31        0.0%
BITBANK17          100      0       0      28        0.0%
BANK17             100      0       0      29        0.0%
BITBANK16          100      0       0      26        0.0%
BANK16             100      0       0      27        0.0%
BITBANK15          100      0       0      24        0.0%
BANK15             100      0       0      25        0.0%
BITBANK14          100      0       0      22        0.0%
BANK14             100      0       0      23        0.0%
BITBANK13          100      0       0      20        0.0%
BANK13             100      0       0      21        0.0%
BITBANK12          100      0       0      18        0.0%
BANK12             100      0       0      19        0.0%
BITBANK11          100      0       0      16        0.0%
BANK11             100      0       0      17        0.0%
BITBANK10          100      0       0      14        0.0%
BANK10             100      0       0      15        0.0%
BITBANK9           100      0       0      12        0.0%
BANK9              100      0       0      13        0.0%
BITBANK8           100      0       0      10        0.0%
BANK8              100      0       0      11        0.0%
BITBANK7           100      0       0       8        0.0%
BANK7              100      0       0       9        0.0%
BITBANK6           100      0       0       6        0.0%
BANK6              100      0       0       7        0.0%
BITBANK5            A0      0       0       4        0.0%
BANK5               A0      0       0       5        0.0%
BITCOMRAM           5F      0       0       0        0.0%
COMRAM              5F      4      28       1       42.1%
BITSFR_5             0      0       0     200        0.0%
SFR_5                0      0       0     200        0.0%
BITSFR_4             0      0       0     200        0.0%
SFR_4                0      0       0     200        0.0%
BITSFR_3             0      0       0     200        0.0%
SFR_3                0      0       0     200        0.0%
BITSFR_2             0      0       0     200        0.0%
SFR_2                0      0       0     200        0.0%
BITSFR_1             0      0       0     200        0.0%
SFR_1                0      0       0     200        0.0%
BITSFR               0      0       0     200        0.0%
SFR                  0      0       0     200        0.0%
STACK                0      0       0       2        0.0%
NULL                 0      0       0       0        0.0%
ABS                  0      0      28      69        0.0%
DATA                 0      0      28       3        0.0%
CODE                 0      0       0       0        0.0%


Microchip Technology PIC18 Macro Assembler V2.31 build 20201012212115 
Symbol Table                                                                                   Wed Mar 03 22:36:18 2021

     __size_of_SysTickSetup 0022                          l13 FEDC                          l22 FEDE  
                        l16 FEFA                          l19 FF32                          l52 FFE4  
                        l72 FF54                          l75 FEEA                          l84 FFBA  
                        u10 FF98                          u11 FF94                          u30 FFF2  
                        u31 FFEE                         l800 FF12                         l802 FF34  
                       l810 FFBE                         l804 FF38                         l820 FFD2  
                       l812 FFC2                         l806 FF4A                         l822 FFD4  
                       l814 FFC6                         l760 FEEC                         l824 FFD8  
                       l816 FFCA                         l808 FFBC                         l770 FF9E  
                       l826 FFF2                         l818 FFCE                         l764 FEE0  
                       l772 FFA2                         l766 FF88                         l768 FF98  
                       wreg 0004E8                        _LATA 0004BE                        _PIR3 0004B1  
                      _main FFBC                _SysTickSetup FF12                        indf2 0004DF  
                      fsr1l 0004E1                        fsr2l 0004D9                        start FFFC  
      __size_of_SystemSleep 0002                ___param_bank 000000                  _ClockSetup FEDC  
           __end_of_TimeXus FF56                       ?_main 0525                       _TMR0H 000319  
                     _TMR0L 000318                       _PORTA 0004CE                       _TRISA 0004C6  
                     tablat 0004F5             __initialization FF56                __end_of_main FFFC  
                    ??_main 0529               __activetblptr 000000                      _ANSELA 000400  
                    _T0CON0 00031A          __size_of_GpioSetup 0010                   ??_TimeXus 0527  
               ?_ClockSetup 0525                      clear_0 FF7C                __pdataCOMRAM 0501  
                    tblptrh 0004F7                      tblptrl 0004F6                      tblptru 0004F8  
                _UserAppRun FF88            TimeXus@u16Period 0525                  __accesstop 0560  
   __end_of__initialization FF82               ___rparam_used 000001            _G_u8UserAppFlags 0524  
            __pcstackCOMRAM 0525           __end_of_GpioSetup FEFC         __size_of_ClockSetup 0002  
               ?_UserAppRun 0525               ??_SystemSleep 0525                     __Hparam 0000  
                   __Lparam 0000                     _TimeXus FF34                     __pcinit FF56  
                   __ramtop 2600                     __ptext0 FFBC                     __ptext1 FF88  
                   __ptext2 FEE0                     __ptext3 FF34                     __ptext4 FEDE  
                   __ptext5 FF12                     __ptext6 FEEC                     __ptext7 FEDC  
      end_of_initialization FF82            _G_u32SystemFlags 0517                     postdec1 0004E5  
                   postinc0 0004EE         __end_of_SystemSleep FEE0                ??_ClockSetup 0525  
       __size_of_UserAppRun 0034          __end_of_ClockSetup FEDE               __pidataCOMRAM FEFC  
                 _GpioSetup FEEC         start_initialization FF56               ?_SysTickSetup 0525  
               _SystemSleep FEDE                  ?_GpioSetup 0525                 __pbssCOMRAM 0517  
         _UserAppInitialize FEE0                ??_UserAppRun 0525          ?_UserAppInitialize 0525  
            ??_SysTickSetup 0525         ??_UserAppInitialize 0525                    ?_TimeXus 0525  
        __end_of_UserAppRun FFBC   __end_of_UserAppInitialize FEEC                 ??_GpioSetup 0525  
                 copy_data0 FF6A                    __Hrparam 0000                    __Lrparam 0000  
          __size_of_TimeXus 0022         UserAppRun@u8Counter 0523         UserAppRun@u8Pattern 0501  
      __end_of_SysTickSetup FF34  __size_of_UserAppInitialize 000C               __size_of_main 0040  
              ?_SystemSleep 0525          _G_u32SystemTime1ms 051F           _G_u32SystemTime1s 051B  
